[2J[;H......................
......................
......................
.......########.......
.......#.####.#.......
.......########.......
......................
......................
......................
[2J[;H......................
......................
........######........
.......#......#.......
......#........#......
.......#......#.......
........######........
......................
......................
[2J[;H......................
.........####.........
........######........
.......########.......
......##......##......
.......########.......
........######........
.........####.........
......................
[2J[;H......................
........#....#........
.......#......#.......
......#........#......
......#........#......
......#........#......
.......#......#.......
........#....#........
......................
[2J[;H......................
......................
.......#......#.......
......##......##......
.....###......###.....
......##......##......
.......#......#.......
......................
......................
[2J[;H......................
......................
......##......##......
.....#..#....#..#.....
.....#..#....#..#.....
.....#..#....#..#.....
......##......##......
......................
......................
[2J[;H......................
......................
......##......##......
.....#..#....#..#.....
....######..######....
.....#..#....#..#.....
......##......##......
......................
......................
[2J[;H......................
......................
......##......##......
....#....#..#....#....
....#....#..#....#....
....#....#..#....#....
......##......##......
......................
......................
[2J[;H......................
......................
......................
.....#..#....#..#.....
...###..######..###...
.....#..#....#..#.....
......................
......................
......................
[2J[;H......................
......................
......................
.....#..#.##.#..#.....
.....####.##.####.....
.....#..#.##.#..#.....
......................
......................
......................
[2J[;H......................
......................
......................
.....#..#.##.#..#.....
....##..#....#..##....
.....#..#.##.#..#.....
......................
......................
......................
[2J[;H......................
......................
......................
....##...#..#...##....
....#####....#####....
....##...#..#...##....
......................
......................
......................
[2J[;H......................
......................
......................
....#..##....##..#....
...#...###..###...#...
....#..##....##..#....
......................
......................
......................
[2J[;H......................
......................
......................
.......#.#..#.#.......
...##.#..#..#..#.##...
.......#.#..#.#.......
......................
......................
......................
[2J[;H......................
......................
......................
........#....#........
......##.####.##......
........#....#........
......................
......................
......................
[2J[;H......................
......................
......................
.......########.......
.......#.####.#.......
.......########.......
......................
......................
......................
[2J[;H......................
......................
........######........
.......#......#.......
......#........#......
.......#......#.......
........######........
......................
......................
[2J[;H......................
.........####.........
........######........
.......########.......
......##......##......
.......########.......
........######........
.........####.........
......................
[2J[;H......................
........#....#........
.......#......#.......
......#........#......
......#........#......
......#........#......
.......#......#.......
........#....#........
......................
[2J[;H......................
......................
.......#......#.......
......##......##......
.....###......###.....
......##......##......
.......#......#.......
......................
......................
[2J[;H......................
......................
......##......##......
.....#..#....#..#.....
.....#..#....#..#.....
.....#..#....#..#.....
......##......##......
......................
......................
[2J[;H......................
......................
......##......##......
.....#..#....#..#.....
....######..######....
.....#..#....#..#.....
......##......##......
......................
......................
[2J[;H......................
......................
......##......##......
....#....#..#....#....
....#....#..#....#....
....#....#..#....#....
......##......##......
......................
......................
[2J[;H......................
......................
......................
.....#..#....#..#.....
...###..######..###...
.....#..#....#..#.....
......................
......................
......................
[2J[;H......................
......................
......................
.....#..#.##.#..#.....
.....####.##.####.....
.....#..#.##.#..#.....
......................
......................
......................
[2J[;H......................
......................
......................
.....#..#.##.#..#.....
....##..#....#..##....
.....#..#.##.#..#.....
......................
......................
......................
[2J[;H......................
......................
......................
....##...#..#...##....
....#####....#####....
....##...#..#...##....
......................
......................
......................
[2J[;H......................
......................
......................
....#..##....##..#....
...#...###..###...#...
....#..##....##..#....
......................
......................
......................
[2J[;H......................
......................
......................
.......#.#..#.#.......
...##.#..#..#..#.##...
.......#.#..#.#.......
......................
......................
......................
[2J[;H......................
......................
......................
........#....#........
......##.####.##......
........#....#........
......................
......................
......................
[2J[;H......................
......................
......................
.......########.......
.......#.####.#.......
.......########.......
......................
......................
......................
[2J[;H......................
......................
........######........
.......#......#.......
......#........#......
.......#......#.......
........######........
......................
......................
[2J[;H......................
.........####.........
........######........
.......########.......
......##......##......
.......########.......
........######........
.........####.........
......................
[2J[;H......................
........#....#........
.......#......#.......
......#........#......
......#........#......
......#........#......
.......#......#.......
........#....#........
......................
[2J[;H......................
......................
.......#......#.......
......##......##......
.....###......###.....
......##......##......
.......#......#.......
......................
......................
[2J[;H......................
......................
......##......##......
.....#..#....#..#.....
.....#..#....#..#.....
.....#..#....#..#.....
......##......##......
......................
......................
[2J[;H......................
......................
......##......##......
.....#..#....#..#.....
....######..######....
.....#..#....#..#.....
......##......##......
......................
......................
[2J[;H......................
......................
......##......##......
....#....#..#....#....
....#....#..#....#....
....#....#..#....#....
......##......##......
......................
......................
[2J[;H......................
......................
......................
.....#..#....#..#.....
...###..######..###...
.....#..#....#..#.....
......................
......................
......................
[2J[;H......................
......................
......................
.....#..#.##.#..#.....
.....####.##.####.....
.....#..#.##.#..#.....
......................
......................
......................
[2J[;H......................
......................
......................
.....#..#.##.#..#.....
....##..#....#..##....
.....#..#.##.#..#.....
......................
......................
......................
[2J[;H......................
......................
......................
....##...#..#...##....
....#####....#####....
....##...#..#...##....
......................
......................
......................
[2J[;H......................
......................
......................
....#..##....##..#....
...#...###..###...#...
....#..##....##..#....
......................
......................
......................
[2J[;H......................
......................
......................
.......#.#..#.#.......
...##.#..#..#..#.##...
.......#.#..#.#.......
......................
......................
......................
[2J[;H......................
......................
......................
........#....#........
......##.####.##......
........#....#........
......................
......................
......................
[2J[;H......................
......................
......................
.......########.......
.......#.####.#.......
.......########.......
......................
......................
......................
[2J[;H......................
......................
........######........
.......#......#.......
......#........#......
.......#......#.......
........######........
......................
......................
[2J[;H......................
.........####.........
........######........
.......########.......
......##......##......
.......########.......
........######........
.........####.........
......................
[2J[;H......................
........#....#........
.......#......#.......
......#........#......
......#........#......
......#........#......
.......#......#.......
........#....#........
......................
[2J[;H......................
......................
.......#......#.......
......##......##......
.....###......###.....
......##......##......
.......#......#.......
......................
......................
[2J[;H......................
......................
......##......##......
.....#..#....#..#.....
.....#..#....#..#.....
.....#..#....#..#.....
......##......##......
......................
......................
[2J[;H......................
......................
......##......##......
.....#..#....#..#.....
....######..######....
.....#..#....#..#.....
......##......##......
......................
......................
[2J[;H......................
......................
......##......##......
....#....#..#....#....
....#....#..#....#....
....#....#..#....#....
......##......##......
......................
......................
[2J[;H......................
......................
......................
.....#..#....#..#.....
...###..######..###...
.....#..#....#..#.....
......................
......................
......................
[2J[;H......................
......................
......................
.....#..#.##.#..#.....
.....####.##.####.....
.....#..#.##.#..#.....
......................
......................
......................
[2J[;H......................
......................
......................
.....#..#.##.#..#.....
....##..#....#..##....
.....#..#.##.#..#.....
......................
......................
......................
[2J[;H......................
......................
......................
....##...#..#...##....
....#####....#####....
....##...#..#...##....
......................
......................
......................
[2J[;H......................
......................
......................
....#..##....##..#....
...#...###..###...#...
....#..##....##..#....
......................
......................
......................
[2J[;H......................
......................
......................
.......#.#..#.#.......
...##.#..#..#..#.##...
.......#.#..#.#.......
......................
......................
......................
[2J[;H......................
......................
......................
........#....#........
......##.####.##......
........#....#........
......................
......................
......................
[2J[;H......................
......................
......................
.......########.......
.......#.####.#.......
.......########.......
......................
......................
......................
[2J[;H......................
......................
........######........
.......#......#.......
......#........#......
.......#......#.......
........######........
......................
......................
[2J[;H......................
.........####.........
........######........
.......########.......
......##......##......
.......########.......
........######........
.........####.........
......................
[2J[;H......................
........#....#........
.......#......#.......
......#........#......
......#........#......
......#........#......
.......#......#.......
........#....#........
......................
[2J[;H......................
......................
.......#......#.......
......##......##......
.....###......###.....
......##......##......
.......#......#.......
......................
......................
[2J[;H......................
......................
......##......##......
.....#..#....#..#.....
.....#..#....#..#.....
.....#..#....#..#.....
......##......##......
......................
......................
[2J[;H......................
......................
......##......##......
.....#..#....#..#.....
....######..######....
.....#..#....#..#.....
......##......##......
......................
......................
[2J[;H......................
......................
......##......##......
....#....#..#....#....
....#....#..#....#....
....#....#..#....#....
......##......##......
......................
......................
[2J[;H......................
......................
......................
.....#..#....#..#.....
...###..######..###...
.....#..#....#..#.....
......................
......................
......................
[2J[;H......................
......................
......................
.....#..#.##.#..#.....
.....####.##.####.....
.....#..#.##.#..#.....
......................
......................
......................
[2J[;H......................
......................
......................
.....#..#.##.#..#.....
....##..#....#..##....
.....#..#.##.#..#.....
......................
......................
......................
[2J[;H......................
......................
......................
....##...#..#...##....
....#####....#####....
....##...#..#...##....
......................
......................
......................
[2J[;H......................
......................
......................
....#..##....##..#....
...#...###..###...#...
....#..##....##..#....
......................
......................
......................
[2J[;H......................
......................
......................
.......#.#..#.#.......
...##.#..#..#..#.##...
.......#.#..#.#.......
......................
......................
......................
[2J[;H......................
......................
......................
........#....#........
......##.####.##......
........#....#........
......................
......................
......................
[2J[;H......................
......................
......................
.......########.......
.......#.####.#.......
.......########.......
......................
......................
......................
[2J[;H......................
......................
........######........
.......#......#.......
......#........#......
.......#......#.......
........######........
......................
......................
[2J[;H......................
.........####.........
........######........
.......########.......
......##......##......
.......########.......
........######........
.........####.........
......................
[2J[;H......................
........#....#........
.......#......#.......
......#........#......
......#........#......
......#........#......
.......#......#.......
........#....#........
......................
[2J[;H......................
......................
.......#......#.......
......##......##......
.....###......###.....
......##......##......
.......#......#.......
......................
......................
[2J[;H......................
......................
......##......##......
.....#..#....#..#.....
.....#..#....#..#.....
.....#..#....#..#.....
......##......##......
......................
......................
[2J[;H......................
......................
......##......##......
.....#..#....#..#.....
....######..######....
.....#..#....#..#.....
......##......##......
......................
......................
[2J[;H......................
......................
......##......##......
....#....#..#....#....
....#....#..#....#....
....#....#..#....#....
......##......##......
......................
......................
[2J[;H......................
......................
......................
.....#..#....#..#.....
...###..######..###...
.....#..#....#..#.....
......................
......................
......................
[2J[;H......................
......................
......................
.....#..#.##.#..#.....
.....####.##.####.....
.....#..#.##.#..#.....
......................
......................
......................
[2J[;H......................
......................
......................
.....#..#.##.#..#.....
....##..#....#..##....
.....#..#.##.#..#.....
......................
......................
......................
[2J[;H......................
......................
......................
....##...#..#...##....
....#####....#####....
....##...#..#...##....
......................
......................
......................
[2J[;H......................
......................
......................
....#..##....##..#....
...#...###..###...#...
....#..##....##..#....
......................
......................
......................
[2J[;H......................
......................
......................
.......#.#..#.#.......
...##.#..#..#..#.##...
.......#.#..#.#.......
......................
......................
......................
[2J[;H......................
......................
......................
........#....#........
......##.####.##......
........#....#........
......................
......................
......................
[2J[;H......................
......................
......................
.......########.......
.......#.####.#.......
.......########.......
......................
......................
......................
[2J[;H......................
......................
........######........
.......#......#.......
......#........#......
.......#......#.......
........######........
......................
......................
[2J[;H......................
.........####.........
........######........
.......########.......
......##......##......
.......########.......
........######........
.........####.........
......................
[2J[;H......................
........#....#........
.......#......#.......
......#........#......
......#........#......
......#........#......
.......#......#.......
........#....#........
......................
[2J[;H......................
......................
.......#......#.......
......##......##......
.....###......###.....
......##......##......
.......#......#.......
......................
......................
[2J[;H......................
......................
......##......##......
.....#..#....#..#.....
.....#..#....#..#.....
.....#..#....#..#.....
......##......##......
......................
......................
[2J[;H......................
......................
......##......##......
.....#..#....#..#.....
....######..######....
.....#..#....#..#.....
......##......##......
......................
......................
[2J[;H......................
......................
......##......##......
....#....#..#....#....
....#....#..#....#....
....#....#..#....#....
......##......##......
......................
......................
[2J[;H......................
......................
......................
.....#..#....#..#.....
...###..######..###...
.....#..#....#..#.....
......................
......................
......................
[2J[;H......................
......................
......................
.....#..#.##.#..#.....
.....####.##.####.....
.....#..#.##.#..#.....
......................
......................
......................
