1 2
3 1
4 3
5 2
7 1
9 2
10 1
13 4
15 1
17 2
18 1
21 2
22 2
23 1
25 2
27 1
28 1
29 3
31 1
32 3
33 2
34 1
36 2
37 2
38 3
39 1
40 3
41 3
42 4
43 2
44 1
45 1
46 1
48 2
49 3
50 1
51 2
54 5
56 1
58 5
59 2
60 1
62 1
63 1
66 3
67 2
68 3
71 2
72 1
73 3
74 2
75 1
76 3
77 1
78 1
79 1
80 1
81 4
84 4
85 2
86 1
89 2
90 2
91 3
94 2
96 1
97 1
99 1
100 1
102 4
103 3
104 3
105 1
107 5
110 1
112 1
113 1
114 2
115 1
117 1
118 1
119 2
120 2
121 1
122 2
123 1
124 2
125 1
128 2
129 1
130 2
131 2
133 3
134 1
135 3
136 2
137 1
138 3
139 1
140 3
141 1
142 1
143 6
144 1
145 3
146 1
147 3
149 4
150 2
151 1
154 2
155 1
156 1
159 1
160 3
161 1
163 1
164 1
166 2
168 1
169 4
170 3
171 3
172 1
174 1
175 1
176 3
177 1
179 2
181 3
183 1
184 5
185 2
186 1
188 1
189 1
190 6
191 1
192 2
194 3
195 1
196 3
199 1
200 2
202 1
203 3
204 1
205 2
206 2
209 1
210 1
212 1
213 2
214 1
216 1
217 3
218 1
220 1
222 1
223 1
224 1
225 2
226 1
227 1
228 3
229 1
230 2
232 2
235 1
236 1
237 2
238 2
239 3
242 2
243 1
246 2
249 1
251 1
253 1
254 3
259 2
260 5
261 2
264 1
265 1
266 1
268 2
269 4
270 1
271 4
272 1
273 1
274 1
275 1
277 1
279 2
280 1
281 1
283 2
284 1
285 2
286 3
288 2
289 2
290 2
291 1
292 1
293 1
294 3
298 2
299 1
300 1
301 3
302 2
303 1
304 2
305 2
306 1
308 1
309 2
310 3
312 2
313 1
314 2
316 1
317 1
319 2
320 1
321 2
323 1
324 3
325 1
327 2
329 2
331 1
334 5
336 3
337 1
338 3
339 1
340 1
341 2
342 1
343 2
345 1
346 1
349 1
351 3
352 1
354 3
355 1
356 1
357 1
358 1
360 1
362 1
363 1
364 1
366 1
367 2
370 2
371 1
372 2
373 1
374 2
378 2
379 2
381 2
382 2
383 3
384 4
387 2
388 1
389 2
390 2
391 1
392 3
393 1
394 3
395 1
396 1
397 3
398 2
399 1
401 1
402 1
403 1
404 3
406 1
407 3
409 1
412 1
413 1
416 4
417 3
419 2
420 1
421 2
422 2
423 2
424 1
425 3
426 1
427 2
429 1
430 1
431 1
433 4
434 1
436 2
438 2
440 2
441 2
442 1
444 1
445 4
448 1
449 3
450 2
451 1
453 1
455 1
457 2
460 1
461 1
462 1
463 1
464 2
466 1
467 3
468 2
469 3
470 1
471 3
472 2
473 2
475 4
476 2
477 3
479 1
480 3
482 3
483 2
485 1
486 5
488 1
489 2
490 3
491 1
492 1
494 1
496 1
498 3
499 4
500 1
503 3
504 3
505 1
507 3
509 1
510 2
511 1
512 1
515 1
519 2
520 1
522 1
523 2
524 3
525 2
526 1
527 1
528 2
529 4
531 3
532 1
533 2
538 2
539 4
540 1
541 3
543 4
548 1
549 2
553 2
554 1
555 1
556 4
557 5
558 1
559 1
560 1
561 1
562 1
563 1
564 1
566 3
567 1
568 1
569 2
571 1
572 1
574 3
575 2
577 1
578 2
579 1
580 1
581 3
582 2
583 1
584 3
585 1
586 2
587 1
590 1
592 2
593 1
595 2
596 1
598 3
599 2
600 1
601 4
602 1
604 1
605 1
607 3
608 1
609 3
610 2
611 2
614 1
615 1
616 2
618 2
621 2
622 1
624 1
625 1
626 1
627 1
629 2
631 4
632 1
634 2
635 1
636 2
637 1
638 1
639 1
640 1
641 3
642 1
643 2
644 4
646 1
648 2
649 4
650 1
651 2
653 2
654 1
655 3
656 1
657 2
658 1
659 2
662 1
664 2
665 2
666 2
667 7
668 1
669 2
670 1
671 1
672 2
673 1
675 1
676 2
678 4
679 1
680 2
681 1
682 2
683 1
685 3
687 1
688 1
689 1
691 2
692 1
693 2
694 3
696 3
698 1
699 3
701 4
703 2
704 2
705 1
708 1
709 2
710 1
711 2
713 2
714 2
715 2
717 2
719 1
721 1
722 1
723 2
724 1
725 1
727 1
728 3
732 3
733 1
734 1
735 1
736 1
737 3
738 1
740 1
742 1
743 2
745 2
746 1
747 1
748 2
749 2
751 2
752 1
753 1
754 2
755 1
756 1
757 1
759 1
760 3
761 2
762 2
764 2
765 1
766 1
767 1
768 1
769 2
770 1
771 2
772 2
774 3
775 1
776 1
778 1
779 3
782 1
784 2
785 1
786 1
787 3
788 1
789 2
790 1
791 2
793 3
795 2
796 2
798 2
799 2
800 3
801 2
802 1
803 2
804 1
805 1
806 3
807 2
808 3
809 2
810 1
812 1
813 1
814 2
815 1
817 2
820 1
821 1
822 1
824 1
825 1
826 2
827 1
828 2
830 1
831 1
832 1
833 2
834 3
835 1
837 2
838 2
839 5
840 2
841 1
842 1
843 2
844 2
845 2
846 3
847 2
849 1
850 1
851 1
852 2
856 2
857 2
859 1
862 1
863 1
864 1
865 1
867 1
868 2
869 1
870 2
871 1
873 1
874 2
875 1
876 2
877 3
878 3
880 1
882 1
883 1
884 5
885 2
886 1
887 1
889 1
890 1
892 2
894 4
896 1
899 1
900 2
901 3
904 1
905 2
906 2
907 5
910 1
911 2
912 1
913 2
914 1
916 1
917 1
918 2
921 2
922 2
923 1
924 1
926 3
930 3
931 1
932 1
933 1
936 5
939 1
940 1
941 2
944 5
945 2
946 2
947 2
948 1
950 1
952 3
953 1
954 1
955 2
956 2
959 1
960 1
961 1
962 1
967 1
968 3
969 2
971 1
972 2
973 1
974 1
975 3
976 1
977 2
978 1
980 5
981 1
985 1
986 1
987 1
988 2
990 2
991 3
992 2
997 1
998 2
999 2
1000 2
1001 1
1002 4
1003 1
1004 2
1005 1
1006 2
1007 1
1008 1
1009 3
1010 1
1012 2
1013 2
1015 2
1016 2
1017 1
1018 1
1019 1
1021 2
1023 1
1024 2
1026 3
1027 2
1028 2
1029 4
1031 1
1033 1
1034 3
1035 1
1037 1
1042 2
1043 1
1045 1
1048 3
1049 1
1050 2
1052 3
1053 5
1055 2
1057 4
1059 1
1061 2
1064 1
1065 2
1066 3
1067 1
1068 1
1069 1
1070 2
1071 1
1072 3
1073 2
1074 2
1075 2
1076 1
1078 1
1079 1
1081 4
1082 1
1083 3
1084 1
1085 1
1086 2
1087 1
1089 2
1090 1
1091 1
1092 1
1095 3
1097 1
1099 5
1100 2
1101 2
1102 1
1103 1
1104 1
1105 1
1106 2
1107 1
1108 1
1109 1
1110 2
1111 1
1112 3
1114 2
1116 3
1119 1
1120 3
1122 1
1123 1
1125 3
1127 1
1128 3
1129 1
1130 1
1132 2
1133 1
1135 1
1136 3
1137 2
1138 2
1139 1
1140 1
1143 1
1144 2
1147 3
1149 1
1150 3
1151 1
1152 1
1154 3
1155 2
1156 2
1157 3
1158 2
1159 1
1160 3
1161 1
1163 1
1164 2
1165 2
1166 1
1169 2
1172 1
1173 1
1174 3
1175 1
1176 1
1177 1
1181 1
1182 1
1184 3
1185 4
1186 1
1187 1
1188 1
1189 1
1192 1
1193 2
1197 2
1198 3
1200 1
1201 1
1202 1
1203 2
1204 1
1206 1
1207 2
1211 3
1212 2
1216 2
1218 1
1220 4
1222 6
1224 1
1225 1
1226 1
1227 2
1228 1
1229 3
1230 3
1231 1
1232 1
1235 1
1238 1
1239 4
1241 1
1242 1
1244 2
1245 4
1246 2
1248 1
1249 1
1251 1
1253 1
1257 2
1258 1
1259 2
1260 1
1261 2
1262 2
1263 2
1264 1
1265 1
1266 2
1268 4
1269 2
1270 1
1271 1
1272 3
1274 1
1275 2
1277 3
1279 2
1281 1
1282 1
1283 1
1284 1
1285 1
1287 3
1290 1
1291 1
1292 1
1293 1
1294 4
1296 1
1299 1
1300 2
1301 2
1302 2
1303 2
1305 1
1311 2
1312 1
1314 3
1315 1
1317 1
1319 1
1320 1
1321 2
1322 3
1323 1
1324 3
1325 1
1326 1
1330 1
1331 2
1332 1
1334 1
1335 1
1338 2
1339 1
1340 2
1341 1
1342 1
1343 1
1344 1
1345 1
1346 1
1347 1
1348 3
1349 2
1350 1
1351 1
1352 3
1355 1
1356 1
1358 1
1359 2
1361 1
1362 1
1364 2
1365 4
1366 1
1367 1
1368 4
1370 1
1372 2
1374 1
1375 3
1376 2
1377 3
1379 1
1380 1
1382 3
1383 3
1384 1
1386 1
1387 1
1389 1
1390 1
1391 1
1392 2
1394 1
1396 2
1397 2
1398 1
1401 1
1402 1
1406 3
1409 2
1410 1
1411 2
1412 4
1414 2
1415 1
1417 3
1418 3
1419 1
1420 2
1421 1
1422 1
1423 1
1425 1
1426 3
1427 3
1428 1
1430 1
1431 4
1432 1
1434 2
1435 1
1436 2
1437 1
1440 2
1442 2
1444 2
1445 2
1446 1
1448 4
1449 3
1451 1
1453 2
1454 2
1455 1
1456 2
1457 1
1458 3
1459 3
1460 1
1462 2
1463 3
1464 1
1465 1
1466 4
1467 1
1468 1
1469 1
1472 1
1473 2
1474 1
1475 1
1477 4
1478 1
1479 3
1480 4
1481 2
1483 2
1484 1
1487 2
1488 1
1491 1
1494 4
1495 1
1496 4
1497 3
1498 3
1500 1
1501 2
1502 2
1503 2
1504 3
1505 2
1506 2
1507 1
1509 2
1512 3
1515 1
1516 1
1517 1
1518 1
1519 1
1521 3
1522 2
1523 1
1524 2
1528 1
1529 3
1532 3
1535 1
1536 1
1538 1
1539 3
1540 4
1541 1
1544 3
1545 2
1546 1
1547 1
1548 3
1549 1
1550 1
1551 2
1553 2
1555 1
1556 1
1557 1
1559 1
1560 1
1561 3
1562 2
1563 2
1564 3
1565 1
1566 2
1568 2
1569 2
1570 1
1571 3
1575 1
1576 2
1577 3
1578 2
1579 1
1580 1
1581 1
1585 1
1586 3
1588 3
1589 3
1591 1
1592 1
1593 1
1594 2
1595 2
1596 2
1597 1
1598 4
1599 2
1600 3
1601 1
1602 1
1605 2
1606 1
1607 1
1609 1
1611 1
1613 2
1615 1
1616 1
1618 2
1620 1
1621 6
1623 3
1624 4
1625 1
1627 5
1628 2
1630 1
1631 2
1633 1
1634 1
1635 2
1636 2
1638 1
1639 1
1642 3
1644 2
1648 3
1650 2
1651 3
1653 1
1654 1
1655 2
1656 3
1657 1
1658 1
1659 1
1660 2
1662 2
1663 3
1664 1
1666 3
1668 2
1669 1
1671 3
1672 1
1673 2
1674 1
1676 1
1677 1
1678 2
1680 1
1681 1
1682 1
1684 3
1685 3
1686 1
1687 1
1688 1
1689 1
1691 1
1692 1
1693 1
1694 1
1695 2
1696 1
1697 2
1698 1
1699 1
1700 3
1702 2
1703 1
1705 1
1706 1
1707 1
1708 2
1709 2
1710 1
1711 2
1712 1
1714 1
1715 2
1716 1
1718 3
1719 2
1720 1
1721 1
1722 1
1724 3
1725 3
1726 1
1727 2
1728 2
1729 2
1731 1
1732 2
1736 3
1737 2
1738 1
1739 2
1742 2
1745 2
1749 1
1750 1
1751 2
1752 1
1753 1
1754 2
1755 5
1756 1
1757 1
1759 2
1760 2
1763 2
1764 3
1767 1
1769 3
1770 1
1771 1
1772 2
1774 1
1775 1
1776 1
1777 1
1778 1
1779 1
1782 2
1783 1
1784 1
1785 1
1786 2
1787 1
1788 2
1789 4
1790 1
1791 1
1793 2
1794 1
1795 2
1797 1
1798 1
1799 1
1800 1
1803 1
1806 2
1808 4
1810 1
1811 2
1813 2
1814 2
1815 2
1818 1
1819 3
1823 1
1824 1
1826 3
1827 1
1828 4
1829 2
1830 1
1831 1
1832 1
1833 1
1834 3
1836 1
1837 2
1838 1
1839 1
1840 1
1841 3
1842 1
1843 1
1844 1
1845 1
1846 2
1847 1
1848 1
1849 1
1850 2
1852 2
1853 1
1857 1
1858 3
1859 1
1860 2
1861 2
1863 2
1864 1
1865 2
1867 3
1868 1
1870 1
1871 1
1872 1
1873 1
1874 1
1875 2
1876 2
1877 1
1881 2
1882 5
1883 1
1884 1
1885 2
1886 2
1887 1
1888 2
1889 4
1891 2
1892 1
1893 2
1895 1
1896 1
1897 2
1898 1
1899 1
1900 1
1902 3
1904 2
1906 1
1907 2
1908 3
1909 2
1910 2
1912 2
1913 1
1914 2
1916 2
1917 1
1919 3
1921 4
1924 1
1925 2
1926 2
1927 2
1928 1
1929 1
1930 1
1931 2
1933 1
1934 1
1935 2
1936 2
1937 1
1942 1
1943 2
1944 1
1946 3
1948 1
1949 2
1950 1
1951 1
1952 1
1954 1
1955 3
1958 2
1959 1
1960 1
1961 2
1963 1
1964 1
1968 2
1969 1
1970 2
1971 2
1975 1
1976 1
1978 1
1979 1
1980 3
1981 2
1982 2
1983 2
1984 1
1985 4
1986 1
1987 1
1988 2
1989 2
1990 1
1991 2
1992 4
1994 3
1998 1
1999 1
2000 4
2001 2
2003 1
2004 2
2006 1
2008 1
2009 1
2012 1
2013 2
2015 2
2016 3
2017 1
2019 4
2020 3
2021 1
2022 2
2023 1
2025 1
2028 2
2029 1
2030 1
2031 1
2033 1
2034 2
2037 2
2038 1
2039 1
2040 1
2041 1
2043 2
2044 3
2045 2
2046 2
2047 2
2048 1
2049 5
2051 4
2052 1
2053 2
2054 2
2055 2
2057 1
2058 1
2059 1
2061 3
2062 2
2065 1
2066 3
2067 2
2069 1
2070 1
2071 2
2072 2
2073 1
2074 2
2075 3
2076 2
2077 1
2079 1
2080 1
2081 2
2082 1
2083 3
2084 1
2086 3
2087 1
2088 1
2089 4
2091 1
2092 1
2093 1
2094 2
2095 3
2096 1
2098 3
2101 2
2105 1
2106 4
2107 2
2109 1
2111 1
2112 1
2113 1
2114 1
2119 1
2120 1
2122 1
2123 1
2126 4
2127 1
2129 1
2130 2
2134 4
2135 1
2136 1
2137 3
2138 2
2139 2
2140 2
2141 1
2143 1
2144 2
2145 1
2146 4
2147 1
2148 1
2149 1
2151 1
2152 4
2153 1
2154 1
2155 1
2156 1
2158 1
2159 3
2160 1
2162 2
2163 1
2165 1
2166 1
2167 2
2168 2
2169 2
2170 1
2171 2
2172 2
2174 3
2175 3
2177 1
2178 2
2179 2
2180 2
2181 1
2182 2
2183 2
2184 1
2185 1
2187 2
2188 3
2190 2
2191 2
2193 1
2194 2
2195 1
2196 3
2197 1
2198 3
2200 2
2201 2
2204 1
2206 1
2207 1
2208 1
2209 1
2210 3
2212 2
2213 2
2215 1
2217 1
2219 2
2221 1
2223 3
2224 3
2225 2
2226 1
2227 2
2230 2
2233 1
2234 2
2236 1
2238 3
2239 1
2240 1
2241 1
2242 1
2243 2
2245 2
2246 1
2250 4
2252 1
2253 2
2254 1
2255 1
2256 2
2258 3
2259 2
2260 1
2262 1
2263 1
2264 2
2265 1
2267 1
2269 2
2270 1
2271 5
2272 2
2275 2
2276 1
2277 2
2278 2
2279 1
2280 2
2281 4
2283 1
2285 1
2287 1
2288 1
2290 1
2291 4
2292 1
2293 1
2294 1
2295 2
2296 4
2297 2
2298 1
2299 1
2301 1
2302 2
2303 1
2304 1
2305 1
2306 1
2307 4
2308 2
2313 2
2314 2
2316 1
2317 2
2318 3
2319 1
2320 1
2323 4
2325 2
2328 2
2329 1
2331 1
2332 1
2333 2
2335 2
2337 3
2339 1
2341 2
2342 2
2343 1
2344 1
2345 3
2346 1
2349 1
2351 1
2352 1
2353 1
2354 3
2356 2
2357 3
2358 1
2359 2
2361 1
2362 3
2363 1
2364 2
2365 3
2366 1
2369 2
2371 1
2372 2
2373 2
2377 2
2378 1
2379 1
2381 1
2383 3
2384 1
2385 1
2386 1
2387 1
2390 3
2392 1
2393 1
2394 1
2398 1
2400 1
2402 1
2404 3
2405 1
2406 2
2407 2
2408 2
2410 1
2411 1
2412 1
2414 2
2415 1
2416 3
2419 1
2421 2
2422 2
2424 1
2425 1
2426 6
2427 2
2428 1
2429 1
2430 1
2432 2
2433 2
2434 1
2436 1
2438 1
2439 2
2440 1
2444 2
2445 5
2446 1
2449 1
2452 1
2453 2
2455 1
2456 3
2461 1
2462 2
2464 1
2465 1
2467 3
2469 1
2470 3
2472 3
2473 1
2474 1
2475 1
2477 1
2481 1
2482 2
2483 3
2484 2
2486 1
2487 1
2488 2
2489 4
2490 3
2491 4
2492 1
2493 2
2494 1
2495 2
2496 1
2497 1
2498 1
2499 1
2500 2
2501 1
2502 3
2504 4
2505 1
2506 2
2507 1
2509 2
2510 1
2511 3
2512 1
2513 2
2514 1
2515 4
2516 1
2517 2
2518 2
2520 1
2521 1
2522 1
2524 1
2525 1
2526 4
2528 1
2529 2
2530 3
2531 3
2532 1
2533 1
2534 1
2535 3
2537 2
2538 3
2539 1
2540 1
2542 2
2545 2
2546 1
2547 1
2548 1
2549 1
2550 5
2551 2
2555 1
2556 1
2557 1
2558 1
2560 1
2562 1
2566 1
2567 1
2568 2
2570 1
2571 4
2572 1
2573 2
2575 2
2579 2
2582 3
2585 2
2586 1
2587 1
2589 1
2590 3
2591 1
2592 1
2593 1
2594 5
2595 2
2598 1
2599 1
2600 3
2601 2
2603 1
2605 3
2607 3
2608 2
2609 1
2610 2
2611 1
2612 2
2613 1
2619 2
2620 3
2621 1
2622 3
2623 2
2624 3
2625 1
2626 4
2627 1
2628 1
2629 3
2630 4
2631 1
2633 1
2634 1
2635 2
2638 3
2639 2
2641 2
2642 1
2643 1
2644 2
2645 1
2646 1
2647 1
2648 2
2649 1
2650 1
2651 2
2652 2
2653 2
2655 1
2656 1
2658 1
2659 2
2660 2
2662 2
2663 4
2664 3
2667 1
2668 1
2669 3
2670 1
2671 5
2672 1
2674 1
2675 1
2676 3
2677 2
2678 4
2679 3
2680 1
2684 1
2685 1
2686 2
2687 2
2689 1
2693 2
2694 1
2696 4
2699 1
2700 1
2701 1
2702 2
2703 5
2704 2
2705 2
2706 1
2707 2
2708 2
2709 1
2710 1
2711 1
2712 1
2713 1
2715 1
2716 3
2717 3
2718 1
2719 3
2720 2
2721 1
2723 2
2724 1
2725 1
2726 3
2727 1
2729 1
2730 4
2733 2
2734 1
2735 2
2736 2
2737 1
2738 4
2741 1
2742 3
2743 1
2746 1
2747 1
2748 1
2750 2
2751 2
2752 1
2756 2
2757 1
2758 1
2759 1
2760 4
2761 2
2763 1
2765 1
2766 1
2770 1
2772 1
2775 1
2776 1
2778 1
2780 2
2783 2
2786 1
2787 1
2791 1
2793 2
2794 1
2795 2
2796 2
2797 2
2799 1
2801 2
2808 1
2809 2
2810 2
2814 1
2815 1
2816 4
2817 1
2818 1
2819 1
2820 1
2824 2
2826 1
2827 2
2829 1
2830 2
2831 1
2832 1
2833 2
2834 1
2836 1
2838 2
2840 3
2841 1
2844 1
2845 2
2846 1
2849 2
2851 3
2852 2
2856 1
2859 2
2860 1
2861 1
2862 1
2863 1
2865 1
2866 1
2868 1
2870 3
2873 1
2879 1
2881 1
2883 1
2884 2
2885 1
2886 3
2889 2
2890 1
2891 1
2892 2
2893 2
2894 1
2897 2
2898 1
2901 1
2903 2
2908 1
2909 1
2911 3
2912 1
2913 3
2914 1
2915 1
2918 1
2920 1
2921 1
2923 1
2924 1
2925 1
2926 1
2928 3
2930 1
2931 1
2932 1
2934 2
2936 2
2937 1
2938 1
2939 1
2942 1
2943 2
2944 3
2945 1
2947 3
2949 1
2950 1
2952 1
2956 1
2957 1
2958 1
2960 1
2964 1
2965 1
2967 1
2970 1
2972 2
2973 2
2975 2
2976 1
2979 2
2981 1
2984 1
2989 1
2990 1
2991 2
2994 2
2996 2
2998 2
2999 2
3000 2
3001 2
3005 1
3006 2
3008 1
3010 1
3013 1
3016 1
3017 1
3018 1
3021 1
3023 4
3024 1
3025 1
3029 1
3030 1
3031 1
3032 1
3033 1
3035 2
3036 2
3038 3
3039 1
3040 1
3042 2
3044 2
3050 1
3054 2
3056 1
3059 1
3060 1
3062 5
3064 4
3065 1
3066 1
3069 1
3072 1
3073 1
3074 1
3076 1
3077 2
3079 1
3080 2
3081 2
3083 1
3084 1
3085 1
3086 1
3089 1
3093 2
3094 4
3102 3
3103 1
3106 2
3107 1
3111 1
3113 2
3115 2
3116 1
3117 1
3118 2
3121 1
3124 2
3125 1
3128 1
3129 1
3133 1
3135 1
3138 1
3140 1
3143 2
3144 2
3145 1
3146 3
3147 1
3148 1
3149 1
3150 1
3153 3
3155 3
3156 1
3157 1
3159 1
3162 2
3163 3
3164 4
3165 1
3166 2
3167 1
3169 1
3170 2
3172 3
3176 2
3179 1
3180 3
3182 1
3184 1
3185 1
3187 2
3188 2
3189 1
3190 1
3193 3
3195 2
3196 2
3197 4
3199 1
3200 1
3201 1
3202 2
3203 3
3206 2
3207 1
3208 2
3209 1
3210 2
3211 3
3213 2
3214 1
3216 1
3217 1
3218 3
3221 2
3222 1
3224 1
3225 2
3226 1
3227 1
3228 1
3232 1
3233 3
3235 2
3240 3
3241 2
3242 1
3244 1
3245 1
3246 6
3249 2
3251 1
3252 2
3253 1
3254 2
3257 3
3258 1
3259 1
3260 1
3261 1
3262 2
3263 2
3264 1
3265 1
3266 1
3267 2
3268 1
3270 1
3272 2
3274 1
3277 1
3278 2
3279 1
3280 1
3282 3
3283 1
3284 1
3286 2
3288 1
3289 1
3290 2
3291 5
3293 2
3294 2
3297 3
3298 1
3299 1
3304 1
3306 1
3310 1
3311 2
3317 2
3318 1
3319 2
3321 1
3323 1
3324 1
3325 1
3327 1
3328 1
3329 1
3331 1
3332 1
3333 2
3334 1
3336 3
3337 3
3338 1
3339 3
3340 1
3341 4
3342 1
3343 1
3344 1
3346 1
3349 1
3352 1
3356 2
3358 2
3360 2
3361 2
3362 1
3363 2
3366 2
3368 1
3371 3
3372 1
3376 2
3378 2
3379 1
3380 1
3381 2
3385 1
3387 1
3388 1
3389 4
3391 1
3392 1
3393 2
3394 1
3395 1
3397 4
3400 1
3401 2
3402 1
3403 1
3404 1
3407 1
3408 2
3410 1
3413 1
3414 1
3420 1
3426 2
3427 1
3429 1
3430 1
3431 1
3433 1
3435 1
3436 1
3438 1
3439 1
3440 1
3442 1
3445 2
3446 3
3448 1
3449 1
3450 1
3453 3
3455 4
3456 2
3459 3
3461 1
3462 2
3466 3
3468 1
3470 1
3473 2
3476 1
3477 1
3478 2
3481 1
3482 1
3484 1
3486 2
3487 2
3488 3
3489 1
3490 1
3491 2
3493 1
3496 2
3498 2
3501 1
3502 1
3503 1
3504 2
3505 1
3506 2
3510 3
3512 1
3518 2
3519 1
3520 1
3524 2
3525 1
3526 3
3527 1
3528 2
3530 2
3532 1
3533 1
3534 1
3536 2
3538 1
3541 1
3543 2
3544 1
3546 1
3547 2
3548 1
3549 1
3550 2
3553 1
3555 2
3557 1
3558 1
3559 1
3560 2
3562 2
3563 1
3566 2
3567 2
3568 1
3570 2
3573 2
3574 3
3577 1
3578 2
3579 1
3580 1
3581 2
3583 1
3585 3
3586 1
3587 3
3589 1
3590 1
3591 1
3592 1
3593 5
3595 1
3597 1
3598 1
3600 1
3603 1
3604 1
3605 1
3609 1
3610 1
3612 2
3613 1
3614 1
3615 1
3618 1
3623 1
3624 2
3625 1
3626 1
3628 2
3630 1
3631 1
3632 1
3633 1
3636 2
3637 1
3638 2
3639 1
3640 1
3641 2
3643 1
3644 1
3645 2
3647 2
3648 1
3649 1
3650 1
3651 2
3652 1
3653 2
3654 1
3656 1
3657 2
3660 2
3662 1
3667 2
3669 1
3670 1
3671 2
3672 3
3674 1
3676 3
3677 1
3682 1
3683 1
3684 1
3685 2
3687 1
3688 1
3691 1
3693 1
3695 3
3696 1
3698 1
3699 1
3700 1
3701 2
3705 1
3706 2
3710 1
3713 1
3714 2
3715 2
3717 3
3718 2
3719 1
3720 1
3723 1
3725 1
3726 1
3728 1
3729 1
3730 1
3731 2
3735 1
3738 2
3740 1
3743 2
3744 1
3747 1
3750 2
3751 1
3752 1
3754 2
3755 2
3758 2
3759 2
3760 1
3761 3
3763 2
3764 1
3767 1
3772 1
3773 2
3774 2
3775 2
3776 2
3777 1
3778 2
3780 1
3781 1
3785 2
3786 1
3788 2
3789 1
3790 1
3791 2
3792 2
3793 1
3794 1
3796 2
3800 2
3804 1
3806 2
3811 1
3812 1
3816 3
3818 3
3819 2
3822 1
3823 1
3827 3
3830 2
3831 2
3832 2
3833 1
3834 2
3835 2
3838 2
3839 1
3840 1
3841 1
3844 2
3845 1
3846 1
3848 1
3849 1
3850 3
3851 2
3852 3
3853 1
3855 1
3856 3
3857 3
3860 1
3866 3
3870 1
3871 1
3873 2
3874 2
3875 1
3876 1
3877 1
3878 2
3879 1
3880 1
3883 1
3884 1
3886 2
3887 1
3889 2
3894 1
3897 1
3902 1
3903 2
3904 1
3905 1
3907 1
3911 1
3913 2
3914 1
3915 2
3916 1
3917 1
3918 4
3920 1
3922 1
3923 1
3925 1
3926 2
3928 1
3930 2
3931 3
3932 2
3934 1
3935 1
3936 3
3937 2
3940 1
3941 1
3942 2
3944 1
3947 3
3948 1
3949 1
3951 1
3953 1
3954 2
3955 2
3956 1
3960 2
3961 1
3962 1
3964 1
3965 1
3966 2
3967 2
3968 2
3969 1
3970 1
3972 3
3974 1
3977 2
3978 3
3979 1
3986 2
3987 1
3988 3
3989 1
3990 1
3991 2
3992 2
3993 2
3994 3
3995 1
3996 1
3998 1
3999 1
4001 2
4002 1
4007 1
4008 3
4009 2
4010 1
4011 2
4014 1
4015 1
4016 4
4017 2
4018 1
4019 1
4020 2
4021 2
4022 1
4023 1
4024 3
4025 1
4026 1
4027 1
4028 2
4029 2
4031 1
4032 1
4034 1
4036 1
4038 1
4042 3
4043 1
4048 2
4050 1
4051 2
4053 1
4056 2
4057 1
4058 1
4059 1
4060 1
4062 2
4063 2
4064 1
4066 1
4067 2
4070 1
4072 1
4073 1
4075 1
4076 2
4078 1
4079 1
4081 1
4082 2
4083 1
4084 2
4085 3
4086 1
4087 1
4088 1
4089 1
4091 2
4092 1
4093 1
4096 1
4097 1
4099 1
4100 4
4102 1
4106 1
4107 1
4108 1
4109 1
4113 1
4115 1
4116 2
4118 2
4119 2
4120 1
4121 2
4123 2
4125 1
4126 1
4130 1
4140 1
4141 2
4142 3
4145 2
4146 1
4147 2
4148 1
4150 1
4154 1
4156 2
4158 1
4161 1
4162 3
4165 1
4168 2
4169 1
4170 3
4172 3
4173 1
4177 1
4178 1
4180 3
4182 1
4183 2
4186 1
4187 2
4189 1
4190 2
4192 1
4193 1
4194 2
4196 2
4197 4
4198 1
4199 1
4200 3
4201 1
4203 2
4206 2
4209 3
4210 2
4214 1
4215 2
4217 1
4219 2
4222 2
4224 1
4228 1
4230 2
4231 1
4232 2
4233 1
4235 1
4236 1
4238 1
4242 2
4243 1
4244 2
4246 1
4247 2
4248 1
4249 4
4252 1
4253 1
4254 1
4255 1
4256 2
4257 1
4259 1
4263 1
4264 1
4266 2
4269 1
4271 1
4272 1
4273 3
4275 1
4278 1
4279 2
4286 1
4287 1
4288 4
4291 2
4292 1
4296 1
4297 1
4300 1
4301 1
4302 1
4306 1
4307 1
4308 1
4309 1
4310 1
4311 1
4313 2
4314 2
4315 1
4317 1
4319 1
4320 1
4321 1
4322 1
4323 1
4325 1
4327 1
4328 1
4330 1
4332 1
4333 1
4334 2
4335 1
4336 1
4337 2
4338 1
4342 1
4344 2
4346 2
4347 3
4348 1
4349 1
4351 1
4352 1
4354 2
4356 1
4361 3
4362 1
4363 1
4364 1
4365 2
4366 1
4369 1
4370 1
4371 2
4372 1
4373 2
4374 1
4377 1
4378 1
4381 2
4382 2
4383 1
4387 1
4388 3
4390 2
4391 2
4392 1
4394 2
4395 1
4396 1
4399 3
4400 4
4402 1
4403 1
4404 1
4405 2
4406 1
4408 2
4409 1
4410 2
4411 2
4413 1
4414 4
4415 1
4416 1
4417 1
4418 1
4420 1
4421 1
4422 1
4423 2
4424 2
4427 1
4428 1
4429 2
4430 2
4432 1
4435 1
4436 1
4438 1
4440 3
4442 2
4443 2
4444 1
4445 1
4448 1
4450 2
4451 1
4453 1
4456 1
4459 2
4460 1
4461 4
4463 1
4464 1
4465 4
4469 1
4470 1
4472 1
4473 2
4474 2
4475 4
4478 2
4479 1
4482 1
4485 2
4486 3
4487 3
4488 1
4489 1
4490 2
4494 1
4497 1
4498 2
4500 1
4503 1
4505 1
4508 1
4509 4
4510 1
4511 1
4512 1
4513 2
4515 2
4516 2
4519 1
4521 2
4522 2
4523 1
4524 2
4525 2
4527 2
4535 1
4536 1
4537 2
4538 2
4540 1
4541 1
4542 3
4545 1
4546 1
4547 3
4548 1
4550 1
4551 1
4553 1
4556 1
4558 2
4561 2
4563 1
4565 1
4566 4
4567 1
4568 1
4569 1
4573 1
4576 1
4579 1
4581 2
4582 1
4584 1
4587 1
4589 1
4590 1
4591 1
4592 3
4593 2
4594 4
4597 2
4598 1
4600 2
4601 1
4605 3
4606 2
4607 1
4609 1
4610 2
4612 3
4613 1
4614 1
4616 2
4617 2
4618 2
4619 2
4620 1
4621 2
4622 1
4624 1
4625 1
4626 1
4627 1
4629 1
4630 2
4632 1
4633 1
4634 1
4638 1
4639 5
4640 2
4641 5
4642 1
4643 2
4644 2
4645 1
4649 2
4652 2
4653 1
4654 1
4655 1
4659 1
4660 1
4663 2
4664 1
4665 1
4666 1
4668 2
4669 2
4671 2
4672 1
4676 1
4677 2
4679 2
4681 1
4682 1
4683 2
4684 1
4685 2
4686 1
4687 1
4689 2
4691 1
4694 4
4695 1
4697 3
4698 1
4699 1
4701 1
4702 1
4703 1
4705 1
4706 3
4708 1
4709 1
4710 3
4711 1
4712 2
4713 2
4714 1
4716 1
4719 2
4720 2
4721 2
4722 2
4723 2
4724 1
4725 2
4727 2
4728 2
4729 1
4730 1
4731 2
4733 1
4734 1
4735 1
4737 2
4738 1
4739 1
4741 1
4744 1
4746 2
4748 1
4750 1
4751 4
4753 1
4754 1
4755 1
4756 1
4757 1
4758 3
4763 1
4767 2
4768 2
4770 2
4771 1
4772 2
4774 2
4775 1
4777 2
4779 1
4780 2
4781 1
4785 2
4789 2
4791 2
4792 1
4796 1
4797 1
4799 3
4800 1
4801 1
4802 1
4803 1
4805 1
4807 1
4809 1
4810 1
4813 1
4814 2
4816 2
4817 2
4818 1
4820 1
4821 2
4822 1
4825 1
4826 1
4827 1
4828 2
4829 4
4834 2
4835 1
4836 1
4837 1
4838 2
4839 1
4841 1
4842 1
4845 2
4848 1
4849 1
4853 2
4854 1
4855 2
4856 4
4859 1
4861 2
4866 1
4868 2
4869 4
4871 1
4873 2
4876 1
4877 1
4879 1
4880 1
4882 1
4883 1
4884 2
4887 1
4888 1
4890 1
4891 3
4893 1
4894 2
4896 1
4899 2
4900 1
4902 2
4903 2
4907 1
4908 2
4909 2
4913 1
4918 1
4920 3
4921 1
4924 1
4925 1
4926 1
4929 1
4932 1
4933 2
4936 1
4938 1
4939 1
4941 2
4942 1
4943 1
4944 1
4945 1
4946 1
4947 2
4949 3
4950 2
4952 1
4954 1
4955 1
4956 2
4957 2
4958 2
4959 2
4960 1
4961 1
4962 2
4963 3
4965 1
4967 4
4969 1
4970 2
4971 2
4973 3
4976 1
4978 1
4979 3
4980 2
4982 1
4983 1
4984 1
4985 1
4986 3
4987 2
4988 2
4989 3
4990 1
4991 1
4993 2
4997 1
4999 2
5000 3
5001 3
5003 2
5005 1
5006 2
5007 2
5009 2
5010 1
5012 1
5013 3
5014 2
5016 1
5018 1
5021 2
5022 3
5023 2
5024 2
5025 2
5027 2
5028 1
5029 1
5031 2
5032 1
5033 4
5034 2
5036 1
5038 1
5039 2
5042 1
5043 1
5044 1
5045 1
5046 2
5048 1
5049 1
5050 1
5051 1
5053 1
5054 2
5056 2
5059 2
5060 1
5062 2
5063 1
5064 1
5066 2
5067 1
5070 1
5071 1
5072 1
5073 2
5076 2
5079 1
5080 1
5082 1
5083 1
5085 3
5087 2
5088 1
5090 4
5091 1
5094 1
5095 3
5096 1
5097 1
5098 1
5099 1
5101 2
5103 1
5105 1
5106 1
5107 1
5108 1
5109 1
5110 1
5112 1
5116 1
5118 3
5120 1
5122 1
5124 1
5128 1
5129 3
5132 1
5133 1
5135 2
5136 1
5137 1
5138 4
5139 3
5141 2
5142 2
5145 1
5146 2
5148 1
5150 2
5153 1
5155 1
5159 2
5162 1
5163 3
5166 1
5168 2
5169 1
5170 2
5172 1
5175 2
5176 2
5178 1
5181 1
5184 2
5185 1
5186 1
5188 1
5189 2
5190 1
5191 3
5192 3
5194 1
5198 1
5200 4
5201 1
5203 1
5204 1
5205 1
5206 2
5210 1
5216 1
5220 1
5221 1
5222 1
5225 1
5226 2
5227 1
5228 1
5230 1
5231 3
5233 1
5234 2
5235 1
5237 1
5239 2
5240 1
5242 1
5243 1
5247 2
5249 2
5250 5
5251 1
5252 1
5254 3
5255 1
5256 2
5257 1
5258 2
5259 1
5260 1
5261 1
5263 1
5265 4
5267 1
5269 1
5270 3
5272 1
5274 1
5276 2
5280 2
5282 3
5283 1
5284 1
5285 1
5287 1
5290 1
5291 4
5293 1
5294 2
5297 2
5300 1
5301 2
5303 1
5304 2
5305 2
5307 2
5312 2
5313 2
5314 1
5315 2
5316 1
5317 3
5319 2
5320 2
5321 1
5322 1
5329 1
5330 1
5332 1
5334 2
5339 1
5341 2
5343 1
5344 3
5345 1
5346 2
5347 2
5348 2
5349 1
5350 1
5351 1
5352 2
5353 2
5356 2
5359 2
5362 1
5364 1
5368 1
5370 2
5371 3
5372 1
5375 1
5377 1
5378 1
5381 2
5385 2
5386 3
5387 1
5388 1
5389 1
5390 1
5391 1
5392 2
5396 2
5397 1
5399 2
5403 3
5404 2
5405 1
5407 1
5408 1
5409 1
5412 3
5413 2
5415 1
5416 1
5417 3
5418 1
5419 1
5420 1
5422 1
5423 1
5424 3
5428 1
5429 1
5430 1
5432 1
5434 2
5435 1
5437 3
5442 1
5443 1
5445 1
5446 1
5447 1
5448 3
5450 1
5451 2
5453 3
5455 2
5456 1
5457 2
5458 1
5459 2
5461 1
5464 1
5466 2
5467 1
5468 2
5470 4
5471 1
5472 3
5473 3
5476 1
5477 1
5478 1
5485 1
5486 1
5489 1
5492 2
5493 1
5495 1
5496 1
5497 1
5499 1
5503 2
5504 1
5506 2
5507 1
5508 1
5509 1
5512 1
5514 1
5517 1
5518 1
5519 1
5520 2
5521 1
5523 1
5525 1
5526 1
5530 2
5531 1
5533 3
5536 3
5537 3
5538 2
5539 2
5541 1
5542 2
5543 2
5544 1
5545 1
5546 1
5547 1
5548 5
5554 1
5556 1
5557 1
5559 1
5561 2
5562 3
5564 1
5566 4
5567 2
5568 1
5569 1
5574 2
5575 1
5576 1
5579 1
5580 1
5582 1
5585 4
5588 1
5590 5
5591 1
5595 1
5597 1
5598 1
5599 1
5600 1
5602 2
5603 2
5604 2
5606 3
5607 3
5609 1
5611 3
5616 2
5617 1
5619 1
5620 1
5621 2
5622 2
5623 1
5624 1
5625 1
5626 1
5628 1
5629 1
5630 3
5632 2
5633 1
5634 1
5636 2
5637 1
5639 2
5640 1
5644 2
5646 1
5647 3
5649 1
5652 3
5654 1
5657 2
5661 1
5663 1
5666 3
5668 1
5669 2
5674 1
5675 2
5676 2
5677 2
5678 2
5679 2
5680 2
5681 1
5683 1
5685 1
5687 2
5688 1
5690 1
5691 1
5693 2
5694 1
5695 1
5696 1
5698 1
5700 2
5706 3
5707 3
5708 2
5710 1
5711 1
5713 2
5714 2
5715 1
5716 1
5717 1
5718 2
5719 1
5720 1
5722 2
5723 4
5725 1
5726 1
5727 3
5728 1
5729 1
5730 2
5733 1
5734 1
5735 1
5740 2
5742 2
5746 2
5749 1
5750 1
5751 3
5753 1
5755 1
5757 2
5759 2
5760 2
5761 5
5765 1
5766 2
5768 1
5770 1
5771 1
5772 1
5775 1
5776 1
5777 1
5779 2
5781 1
5782 1
5784 3
5786 1
5787 1
5788 2
5789 1
5791 3
5792 4
5793 1
5794 2
5795 3
5798 1
5801 1
5803 2
5806 1
5808 2
5809 2
5810 2
5811 1
5812 1
5813 4
5814 2
5815 1
5816 1
5817 1
5819 1
5820 1
5821 3
5822 3
5823 2
5825 2
5827 1
5828 2
5829 3
5830 1
5832 1
5834 1
5835 2
5836 1
5837 3
5839 1
5842 2
5843 2
5845 2
5846 1
5847 2
5848 2
5849 1
5851 1
5852 3
5853 1
5855 1
5858 3
5859 1
5860 1
5861 1
5863 1
5864 1
5865 1
5866 2
5867 1
5868 2
5869 2
5870 3
5872 1
5873 1
5875 4
5877 1
5881 1
5882 3
5884 1
5886 1
5891 1
5892 1
5894 2
5897 3
5898 1
5899 1
5900 1
5904 1
5906 1
5907 1
5908 2
5913 1
5916 1
5918 1
5921 1
5923 1
5924 2
5925 1
5927 1
5928 2
5929 2
5933 1
5935 1
5937 2
5938 2
5939 1
5940 2
5941 1
5942 2
5944 1
5945 2
5946 3
5947 1
5948 1
5949 2
5951 1
5952 1
5954 1
5956 2
5957 1
5959 1
5961 1
5962 1
5967 3
5968 3
5970 1
5971 2
5974 1
5975 2
5977 1
5979 1
5981 1
5982 1
5985 2
5986 1
5987 1
5988 3
5989 1
5991 1
5992 2
5994 2
5995 2
5997 1
5998 1
6002 1
6003 2
6004 2
6007 2
6009 1
6010 1
6011 1
6016 1
6017 1
6018 1
6019 1
6020 1
6021 1
6022 2
6024 1
6025 1
6026 1
6029 2
6030 1
6031 2
6032 2
6033 1
6035 1
6037 1
6039 4
6041 3
6047 1
6049 3
6051 1
6052 1
6053 2
6054 2
6059 1
6060 1
6061 1
6062 1
6064 1
6065 2
6066 2
6068 2
6069 1
6071 2
6072 1
6073 2
6075 2
6078 1
6081 1
6082 1
6086 3
6089 2
6090 1
6091 1
6092 1
6097 1
6098 2
6100 5
6101 4
6102 1
6103 2
6104 1
6106 1
6108 1
6112 1
6113 1
6114 1
6115 2
6116 2
6117 1
6118 1
6119 2
6120 1
6121 1
6123 2
6125 2
6126 3
6127 3
6128 1
6129 1
6130 3
6131 1
6134 2
6135 1
6136 1
6140 5
6141 2
6142 4
6143 1
6146 1
6147 1
6150 2
6151 1
6153 1
6154 2
6155 1
6158 1
6159 1
6161 2
6162 1
6163 1
6164 1
6165 1
6168 1
6171 1
6173 1
6174 1
6177 1
6178 1
6183 1
6189 2
6191 2
6192 2
6194 2
6195 1
6198 1
6200 1
6201 2
6202 1
6203 2
6204 1
6205 3
6207 2
6209 1
6210 2
6212 1
6216 1
6217 2
6218 2
6219 2
6220 2
6222 1
6223 2
6225 3
6226 1
6227 3
6228 1
6232 3
6235 2
6236 1
6238 1
6239 2
6242 1
6245 1
6249 1
6250 1
6251 2
6252 1
6254 1
6256 2
6257 1
6258 2
6259 1
6260 2
6261 3
6265 1
6267 2
6269 1
6270 2
6271 1
6272 1
6273 2
6275 1
6279 1
6280 1
6281 1
6282 3
6283 2
6287 1
6288 2
6289 1
6291 1
6292 1
6293 3
6297 1
6298 1
6300 1
6301 2
6303 1
6304 2
6306 1
6309 1
6313 1
6318 1
6321 2
6322 3
6325 1
6328 2
6330 1
6332 1
6333 1
6334 2
6335 2
6337 3
6338 1
6339 1
6340 3
6341 1
6342 1
6344 3
6345 2
6346 2
6347 1
6350 1
6351 1
6355 1
6359 2
6360 2
6361 1
6363 1
6364 2
6365 1
6366 1
6367 3
6368 1
6370 1
6372 1
6373 1
6380 1
6383 1
6386 2
6387 1
6388 1
6389 1
6393 1
6394 2
6395 1
6396 2
6397 3
6399 2
6403 1
6406 1
6407 1
6408 1
6411 1
6412 2
6413 1
6414 2
6416 1
6419 1
6420 1
6422 2
6423 2
6424 3
6425 2
6426 1
6427 1
6428 1
6429 1
6430 2
6431 3
6432 2
6435 2
6436 1
6437 1
6438 1
6439 1
6440 5
6441 1
6442 1
6444 1
6445 2
6447 2
6449 1
6451 2
6454 1
6459 1
6460 2
6461 1
6462 2
6464 3
6465 2
6467 1
6468 5
6469 1
6470 1
6472 1
6474 1
6475 1
6478 3
6479 1
6480 1
6484 1
6485 2
6487 1
6489 1
6490 2
6491 2
6492 2
6494 1
6496 1
6498 1
6499 2
6500 1
6501 3
6503 2
6505 2
6509 2
6510 1
6512 1
6513 2
6514 1
6518 1
6519 1
6520 2
6526 1
6529 1
6534 2
6535 2
6539 2
6540 1
6541 2
6542 2
6543 1
6545 1
6546 2
6547 1
6550 4
6551 1
6553 1
6556 1
6558 1
6559 1
6560 2
6562 2
6563 1
6566 3
6570 1
6573 1
6574 1
6576 2
6577 3
6579 1
6583 2
6584 1
6585 2
6587 4
6588 1
6589 2
6590 2
6591 1
6592 1
6595 1
6596 2
6599 1
6600 1
6601 1
6603 2
6606 1
6609 1
6611 2
6612 2
6613 2
6614 1
6616 2
6617 1
6618 2
6619 1
6620 1
6622 1
6624 1
6625 2
6627 2
6631 1
6632 1
6633 2
6634 3
6635 2
6636 1
6637 1
6638 2
6641 1
6642 3
6646 2
6647 1
6648 1
6649 1
6650 1
6652 1
6653 1
6654 2
6655 1
6656 1
6658 1
6659 3
6661 1
6665 1
6667 1
6668 3
6672 1
6674 2
6676 1
6677 1
6678 1
6679 2
6680 1
6684 1
6686 3
6688 1
6689 1
6693 1
6694 3
6697 1
6698 1
6699 1
6701 1
6702 2
6703 2
6705 2
6706 4
6707 1
6709 2
6711 1
6714 1
6715 1
6716 1
6717 1
6718 1
6721 1
6722 1
6724 1
6725 1
6728 3
6729 1
6730 2
6732 3
6734 1
6735 1
6736 1
6738 1
6739 1
6740 1
6741 1
6742 2
6743 2
6747 1
6748 3
6749 2
6754 1
6755 2
6756 1
6757 2
6758 1
6759 2
6761 2
6763 1
6764 2
6765 1
6767 3
6768 2
6770 1
6778 1
6779 1
6782 3
6783 2
6785 3
6788 1
6791 1
6792 1
6793 2
6794 1
6795 1
6799 3
6801 1
6804 1
6805 2
6807 3
6808 2
6809 1
6810 1
6812 4
6813 1
6814 1
6815 2
6817 3
6818 1
6820 1
6822 1
6824 1
6825 4
6826 1
6827 2
6828 1
6829 2
6831 2
6832 1
6834 2
6835 1
6836 2
6841 3
6842 2
6843 1
6844 3
6845 1
6846 1
6847 1
6848 2
6850 1
6851 4
6852 1
6854 1
6857 1
6858 2
6859 1
6860 2
6861 2
6863 3
6866 2
6867 2
6868 2
6869 3
6870 1
6873 2
6874 1
6875 1
6876 1
6877 1
6879 2
6880 1
6881 1
6882 1
6883 1
6884 1
6886 1
6887 1
6888 1
6889 1
6891 3
6892 1
6894 1
6895 1
6896 1
6897 2
6898 2
6901 3
6903 1
6906 1
6910 2
6911 1
6912 1
6913 1
6914 2
6915 1
6916 2
6917 1
6920 3
6922 1
6923 2
6924 5
6925 2
6926 3
6928 2
6929 2
6933 2
6934 1
6935 1
6938 1
6939 1
6942 1
6944 1
6945 1
6947 2
6948 1
6949 2
6950 1
6953 1
6956 3
6959 1
6963 3
6965 1
6967 3
6969 1
6970 1
6973 3
6975 1
6976 1
6978 1
6980 3
6981 1
6982 1
6983 1
6984 2
6985 3
6991 2
6992 1
6995 1
6996 1
7000 2
7005 3
7006 1
7007 2
7008 2
7009 2
7012 3
7014 1
7015 1
7016 1
7017 2
7023 1
7028 1
7029 1
7031 1
7033 2
7036 1
7038 2
7039 3
7041 1
7042 1
7043 1
7044 3
7046 1
7049 2
7050 3
7054 1
7055 2
7056 1
7057 3
7059 1
7064 1
7065 2
7066 3
7068 1
7074 2
7076 1
7077 1
7078 1
7080 1
7081 1
7086 4
7087 1
7089 1
7090 3
7092 3
7094 2
7095 1
7096 1
7097 1
7099 2
7100 1
7102 1
7104 5
7105 1
7108 2
7110 2
7111 2
7117 1
7118 2
7119 2
7120 1
7122 1
7124 2
7125 3
7126 2
7129 1
7130 1
7132 1
7133 1
7136 2
7137 1
7138 3
7141 1
7142 1
7148 1
7149 3
7150 1
7152 1
7153 2
7154 1
7157 1
7158 3
7159 1
7162 2
7163 1
7165 1
7166 1
7169 2
7171 1
7172 2
7173 1
7178 1
7179 2
7183 3
7185 2
7186 1
7188 1
7190 3
7193 2
7194 1
7196 2
7197 1
7200 1
7201 2
7202 1
7205 1
7206 3
7207 2
7208 1
7209 1
7210 1
7211 1
7213 1
7214 3
7217 1
7220 1
7222 1
7223 3
7224 2
7225 1
7226 1
7227 1
7228 1
7230 1
7232 1
7234 2
7235 1
7236 1
7237 2
7238 1
7239 1
7240 2
7241 2
7242 1
7243 1
7245 1
7246 2
7252 2
7253 3
7254 3
7255 2
7257 1
7261 1
7262 1
7263 4
7264 1
7265 2
7267 1
7268 2
7270 1
7271 1
7272 2
7273 1
7274 2
7275 1
7278 2
7279 1
7283 2
7284 2
7286 3
7289 1
7291 2
7292 1
7294 1
7295 1
7296 1
7297 4
7298 1
7299 1
7300 1
7301 1
7302 2
7303 1
7304 1
7312 1
7313 1
7319 1
7322 2
7323 1
7324 1
7327 1
7328 2
7329 2
7331 1
7335 1
7339 1
7343 1
7348 1
7349 1
7350 2
7351 2
7353 1
7356 1
7358 1
7359 3
7363 2
7367 3
7369 2
7370 1
7371 1
7372 2
7373 3
7374 2
7375 1
7376 2
7377 2
7378 1
7385 1
7389 2
7390 1
7391 1
7392 1
7394 1
7396 2
7397 1
7398 1
7399 1
7400 1
7402 3
7406 1
7407 3
7409 1
7411 1
7412 1
7414 1
7416 1
7417 1
7420 1
7421 1
7422 2
7423 1
7428 2
7431 2
7432 1
7433 4
7436 1
7437 1
7438 2
7439 4
7441 2
7442 4
7443 2
7444 1
7445 1
7446 1
7447 3
7449 2
7451 2
7452 2
7453 2
7455 1
7458 2
7461 1
7462 1
7463 1
7465 1
7466 2
7468 1
7469 1
7470 2
7471 1
7474 1
7476 1
7479 2
7480 3
7481 1
7482 1
7483 1
7484 1
7488 1
7490 1
7492 3
7493 3
7499 1
7500 1
7501 2
7502 1
7503 1
7505 1
7506 2
7507 1
7508 1
7509 2
7512 1
7513 1
7515 1
7517 1
7519 3
7520 2
7521 1
7524 3
7525 1
7526 2
7529 1
7530 1
7531 2
7532 3
7533 1
7535 2
7536 1
7537 1
7538 1
7539 1
7541 2
7542 2
7545 2
7546 1
7547 2
7548 2
7550 2
7551 1
7552 1
7553 2
7554 2
7555 1
7558 2
7560 1
7561 1
7570 2
7572 1
7573 1
7574 1
7576 1
7577 2
7578 3
7579 3
7580 1
7581 2
7583 1
7584 2
7585 2
7586 2
7587 2
7588 3
7590 1
7591 3
7592 2
7593 1
7594 1
7595 1
7596 1
7597 2
7599 1
7603 3
7604 1
7605 3
7606 1
7607 1
7608 1
7610 1
7611 2
7612 3
7613 1
7614 1
7616 1
7617 3
7618 1
7620 3
7622 1
7623 1
7624 1
7625 2
7626 1
7627 1
7628 1
7630 3
7633 2
7634 4
7637 1
7640 2
7641 1
7642 1
7645 2
7647 1
7650 3
7651 1
7652 2
7654 1
7657 1
7659 2
7660 2
7661 1
7664 1
7666 2
7667 4
7668 1
7669 2
7670 1
7671 2
7672 1
7673 1
7674 1
7680 2
7682 1
7683 2
7684 2
7685 1
7687 1
7689 2
7690 2
7692 1
7693 2
7694 2
7695 1
7700 1
7701 1
7702 1
7704 1
7706 1
7709 1
7710 1
7712 2
7714 2
7715 1
7718 1
7719 2
7720 2
7721 3
7722 1
7724 3
7726 2
7727 1
7728 3
7729 3
7731 3
7732 1
7733 1
7735 1
7738 1
7739 1
7741 2
7742 1
7744 1
7746 1
7747 2
7751 1
7753 1
7754 2
7755 1
7757 1
7758 2
7760 1
7761 1
7762 2
7763 1
7768 1
7769 2
7770 1
7771 1
7774 1
7775 2
7776 1
7777 2
7778 1
7781 2
7782 2
7783 2
7784 1
7786 1
7788 1
7791 1
7792 1
7793 1
7794 1
7796 1
7800 2
7803 1
7804 1
7805 2
7808 1
7810 2
7812 2
7814 2
7816 1
7819 2
7823 1
7825 1
7826 2
7828 1
7830 1
7831 2
7832 2
7833 1
7834 1
7835 1
7838 1
7840 1
7842 2
7843 1
7844 2
7845 1
7847 1
7850 1
7856 1
7858 1
7859 1
7860 1
7861 1
7862 1
7863 1
7864 1
7865 2
7871 2
7874 1
7877 1
7878 1
7880 3
7883 2
7884 1
7887 2
7888 3
7889 1
7890 2
7893 3
7894 1
7896 1
7897 1
7899 2
7901 1
7902 4
7903 1
7906 2
7907 2
7910 1
7912 1
7913 1
7914 1
7916 1
7917 1
7919 3
7923 2
7924 1
7927 1
7929 1
7930 2
7931 1
7932 1
7933 1
7934 2
7935 1
7937 2
7939 1
7940 1
7941 2
7943 1
7944 1
7945 1
7946 3
7950 1
7951 2
7953 1
7954 4
7955 3
7956 1
7957 1
7959 4
7960 1
7961 1
7962 1
7965 2
7966 1
7967 1
7968 1
7969 1
7971 1
7972 2
7973 1
7974 1
7975 1
7976 4
7977 1
7982 2
7983 3
7985 1
7987 2
7989 1
7994 2
7995 1
7996 2
7997 1
7998 1
7999 1
8000 1
8002 2
8008 2
8009 2
8010 1
8011 1
8012 1
8013 1
8016 1
8019 1
8020 1
8022 1
8023 1
8024 3
8026 1
8027 3
8028 1
8029 1
8030 2
8033 1
8035 1
8036 1
8037 1
8039 1
8041 1
8042 1
8043 3
8044 1
8045 2
8046 1
8047 1
8048 1
8049 1
8050 1
8051 1
8052 1
8053 1
8054 1
8055 1
8056 1
8057 1
8059 1
8061 3
8062 4
8065 2
8067 1
8071 1
8073 1
8075 5
8076 2
8080 1
8081 1
8082 1
8083 2
8085 1
8086 1
8087 3
8088 1
8091 1
8092 1
8093 1
8095 1
8099 2
8100 2
8101 1
8102 1
8103 3
8104 3
8105 1
8107 3
8108 1
8109 1
8111 1
8112 1
8113 1
8114 2
8115 1
8116 1
8117 2
8118 1
8119 1
8120 1
8121 1
8122 1
8125 1
8126 4
8128 1
8129 1
8130 1
8131 1
8133 1
8134 1
8135 2
8136 3
8137 1
8138 1
8141 1
8145 1
8146 1
8147 1
8148 1
8149 2
8150 1
8154 1
8155 1
8159 1
8160 1
8161 1
8163 1
8165 1
8167 4
8169 3
8171 2
8172 1
8173 1
8175 2
8176 1
8178 2
8179 1
8181 1
8183 3
8185 2
8187 1
8188 2
8189 1
8190 1
8191 2
8195 2
8197 1
8198 1
8201 1
8202 1
8203 1
8209 1
8212 2
8213 1
8214 4
8218 3
8221 1
8222 2
8223 2
8224 3
8225 1
8228 2
8231 3
8232 1
8234 1
8235 1
8236 2
8238 3
8239 2
8240 1
8241 2
8244 1
8246 3
8247 2
8248 1
8250 1
8251 2
8252 2
8253 3
8254 1
8256 2
8257 2
8258 1
8259 2
8260 2
8261 1
8263 2
8265 2
8267 2
8269 1
8272 1
8273 1
8275 1
8276 3
8278 2
8282 2
8284 3
8285 1
8287 3
8288 1
8290 1
8291 3
8293 1
8295 1
8296 1
8297 2
8298 2
8299 1
8300 1
8301 2
8302 2
8304 1
8305 1
8311 1
8314 3
8315 1
8316 3
8318 1
8319 3
8320 1
8322 2
8324 1
8325 3
8326 1
8327 1
8328 1
8330 1
8331 1
8334 1
8335 1
8336 1
8338 1
8340 2
8342 1
8344 3
8345 1
8346 1
8347 1
8349 1
8351 2
8352 1
8353 3
8357 1
8358 1
8359 1
8361 2
8362 2
8364 1
8365 2
8366 1
8367 3
8368 1
8369 1
8371 1
8374 2
8375 1
8379 1
8381 3
8382 1
8383 2
8384 2
8387 1
8388 2
8389 2
8390 1
8392 1
8393 3
8394 1
8395 2
8397 3
8398 1
8400 1
8401 3
8403 1
8404 1
8406 1
8407 1
8411 1
8412 2
8414 1
8415 1
8419 1
8420 1
8422 2
8423 1
8424 2
8425 2
8429 2
8432 1
8433 1
8434 2
8435 2
8438 2
8441 2
8442 1
8443 2
8444 2
8445 1
8446 1
8447 1
8449 1
8450 1
8452 1
8455 2
8456 2
8457 3
8458 1
8459 2
8462 2
8464 1
8465 1
8466 1
8468 1
8470 2
8471 3
8473 1
8477 1
8478 2
8480 1
8481 1
8483 1
8484 1
8487 2
8488 1
8489 1
8490 1
8491 2
8492 1
8493 1
8494 3
8495 1
8497 1
8498 1
8499 2
8500 1
8502 1
8504 3
8505 1
8506 2
8508 1
8510 1
8511 2
8514 1
8515 2
8517 1
8520 2
8521 1
8523 3
8526 1
8527 2
8528 1
8530 3
8533 2
8535 1
8536 1
8537 2
8538 1
8539 1
8541 3
8542 1
8546 1
8547 1
8549 1
8551 1
8552 2
8553 1
8554 1
8555 1
8562 1
8564 2
8565 1
8570 3
8571 1
8572 1
8578 1
8581 1
8582 1
8583 1
8584 2
8585 3
8586 1
8589 2
8590 1
8592 1
8593 4
8594 1
8595 1
8596 2
8597 2
8598 1
8599 1
8600 3
8601 1
8602 1
8604 2
8605 1
8607 1
8608 1
8609 1
8611 2
8612 2
8614 3
8615 2
8617 2
8618 1
8619 1
8622 3
8623 1
8625 1
8626 1
8628 3
8630 1
8631 3
8632 3
8634 2
8635 1
8637 3
8639 2
8640 1
8642 1
8643 1
8644 2
8645 1
8647 1
8650 1
8651 1
8652 2
8653 2
8654 1
8656 2
8659 1
8662 1
8663 1
8665 3
8667 2
8668 1
8671 1
8673 3
8676 1
8678 3
8679 1
8681 1
8682 2
8683 1
8684 2
8685 2
8686 1
8687 2
8690 1
8693 2
8696 2
8697 1
8698 1
8701 2
8704 6
8705 1
8706 1
8707 3
8708 1
8710 2
8711 1
8713 1
8715 1
8716 1
8717 2
8718 3
8719 2
8720 1
8721 2
8722 1
8723 2
8724 1
8725 2
8726 1
8728 1
8729 1
8730 1
8732 2
8733 1
8734 1
8736 1
8737 1
8739 4
8741 1
8742 1
8743 1
8746 2
8748 1
8752 1
8753 5
8754 1
8757 2
8760 3
8761 1
8762 2
8763 4
8765 2
8766 1
8769 2
8772 1
8774 1
8776 2
8779 1
8780 1
8782 1
8783 1
8786 1
8787 2
8788 1
8792 2
8793 1
8794 2
8796 2
8797 1
8799 1
8800 1
8802 1
8804 2
8805 2
8806 4
8808 2
8810 1
8811 1
8816 2
8819 1
8820 2
8823 2
8824 2
8826 1
8827 3
8828 5
8829 2
8830 1
8832 1
8834 2
8835 1
8836 4
8839 3
8841 1
8842 1
8843 2
8847 1
8848 1
8849 3
8850 3
8851 1
8853 1
8854 1
8855 1
8857 1
8863 1
8864 1
8865 2
8867 1
8868 1
8870 1
8871 1
8872 1
8873 1
8874 1
8876 2
8879 1
8881 1
8883 1
8885 3
8886 2
8887 1
8889 2
8891 2
8892 1
8893 1
8896 1
8897 2
8900 1
8901 1
8902 2
8903 1
8908 1
8909 2
8910 1
8912 1
8914 2
8916 1
8917 1
8918 1
8919 1
8920 1
8921 1
8923 2
8926 1
8929 1
8931 2
8933 1
8934 1
8935 1
8936 2
8938 1
8939 4
8940 1
8942 1
8943 2
8945 1
8946 1
8947 1
8948 1
8954 1
8957 2
8958 1
8959 1
8961 1
8963 3
8964 1
8965 2
8966 4
8969 1
8970 1
8971 1
8972 1
8973 1
8977 2
8979 2
8980 1
8982 2
8983 3
8984 3
8985 1
8986 1
8988 1
8991 3
8992 1
8994 1
8996 1
8997 1
9002 1
9003 1
9004 1
9007 1
9008 2
9009 1
9010 1
9011 2
9012 2
9019 1
9020 1
9023 2
9024 4
9027 1
9028 1
9030 3
9034 1
9035 1
9036 1
9038 1
9040 2
9041 2
9043 1
9045 1
9046 1
9047 1
9048 2
9049 1
9051 2
9053 1
9054 2
9057 1
9059 2
9060 1
9064 1
9066 1
9067 2
9068 1
9072 1
9073 4
9074 1
9075 3
9076 1
9077 1
9078 2
9079 2
9080 1
9081 1
9082 3
9083 1
9085 1
9086 1
9087 2
9088 2
9089 1
9091 2
9092 2
9094 2
9095 2
9096 3
9097 1
9098 2
9099 1
9100 1
9103 2
9104 1
9105 1
9106 2
9108 1
9109 1
9110 1
9116 1
9117 1
9119 1
9123 2
9125 1
9126 1
9127 1
9128 2
9130 2
9131 2
9132 1
9133 1
9134 1
9136 2
9141 2
9142 2
9145 1
9146 2
9147 1
9150 2
9152 1
9153 2
9154 1
9155 2
9157 3
9158 1
9160 1
9161 1
9162 2
9167 1
9169 3
9170 1
9171 1
9172 1
9173 1
9174 1
9175 2
9176 1
9177 1
9179 1
9181 1
9183 1
9185 1
9188 1
9189 1
9191 1
9194 2
9196 1
9198 2
9199 2
9200 1
9201 1
9202 1
9204 1
9205 3
9206 1
9207 1
9208 1
9213 1
9214 2
9216 1
9218 1
9219 1
9221 1
9222 3
9224 1
9225 1
9228 1
9229 1
9230 1
9233 2
9236 3
9237 1
9241 1
9248 1
9249 1
9250 1
9251 1
9252 2
9253 2
9254 2
9255 1
9257 1
9258 1
9261 3
9262 1
9265 3
9266 2
9267 1
9270 1
9271 1
9272 3
9274 1
9276 3
9277 1
9278 1
9279 1
9281 1
9282 1
9283 1
9285 1
9286 3
9289 1
9290 1
9291 2
9293 2
9296 1
9298 1
9299 2
9300 2
9302 2
9310 2
9311 1
9313 1
9314 3
9315 4
9317 1
9319 1
9320 1
9321 1
9322 1
9324 2
9325 1
9329 1
9332 1
9335 2
9338 2
9339 1
9342 1
9344 1
9345 1
9346 1
9349 1
9351 1
9352 1
9353 1
9354 1
9355 2
9356 1
9357 1
9358 2
9359 1
9360 2
9362 2
9363 1
9365 1
9366 1
9369 2
9370 1
9371 1
9373 2
9374 1
9375 1
9376 2
9382 1
9383 1
9384 1
9385 1
9386 1
9388 1
9389 1
9390 1
9391 1
9397 1
9398 3
9401 1
9402 1
9403 1
9406 2
9407 1
9408 1
9409 1
9410 1
9411 1
9412 1
9413 2
9414 2
9415 1
9421 1
9422 3
9425 1
9426 2
9427 2
9428 1
9429 1
9430 2
9436 1
9439 1
9441 1
9444 1
9445 1
9446 2
9448 2
9449 2
9450 1
9452 2
9456 1
9459 2
9460 1
9461 1
9463 1
9464 3
9465 2
9466 1
9467 2
9468 3
9469 1
9473 2
9474 1
9479 1
9481 1
9482 1
9483 1
9484 2
9486 1
9487 1
9488 2
9489 1
9490 1
9491 2
9492 1
9493 2
9495 1
9497 2
9498 1
9500 2
9502 2
9504 3
9506 1
9508 2
9509 1
9511 1
9512 2
9513 2
9515 2
9516 3
9522 1
9523 1
9524 1
9525 1
9527 1
9528 2
9530 1
9532 2
9534 1
9536 2
9538 2
9540 1
9542 1
9543 1
9547 1
9552 3
9553 2
9555 1
9556 3
9557 4
9558 2
9559 1
9560 1
9561 1
9562 2
9563 1
9566 1
9567 2
9568 2
9570 2
9571 1
9574 1
9575 1
9577 1
9578 1
9579 3
9583 1
9584 1
9588 1
9589 1
9590 1
9592 1
9594 1
9595 1
9596 1
9599 1
9602 4
9603 1
9607 3
9609 1
9610 1
9611 1
9612 1
9614 1
9615 1
9616 1
9617 3
9618 2
9619 1
9622 1
9624 1
9625 1
9626 1
9630 1
9632 1
9635 1
9636 1
9644 1
9646 1
9647 2
9648 4
9649 1
9650 1
9653 1
9654 1
9655 1
9656 1
9657 1
9658 1
9659 3
9660 2
9662 1
9663 3
9664 1
9665 1
9666 1
9667 1
9669 2
9670 1
9671 2
9673 1
9675 1
9677 2
9678 1
9679 1
9680 2
9682 2
9683 1
9684 1
9686 1
9687 1
9689 3
9691 1
9693 1
9694 1
9695 1
9696 5
9697 2
9699 1
9700 1
9701 1
9704 1
9705 1
9708 2
9711 1
9712 2
9713 1
9715 4
9719 2
9720 1
9721 1
9723 1
9724 1
9725 2
9726 1
9727 2
9729 2
9730 1
9731 1
9732 1
9734 1
9735 2
9736 1
9737 1
9738 1
9739 1
9741 2
9742 2
9744 1
9745 1
9749 1
9750 1
9751 1
9752 1
9753 1
9755 1
9756 1
9757 1
9759 2
9762 2
9763 1
9764 2
9765 1
9767 3
9768 1
9769 3
9770 1
9771 2
9772 1
9773 2
9774 1
9775 1
9778 1
9780 1
9782 2
9783 2
9784 2
9786 2
9787 1
9788 1
9789 1
9790 3
9791 3
9793 1
9794 3
9796 1
9797 1
9802 4
9804 1
9808 1
9809 1
9811 1
9813 2
9814 1
9815 4
9816 4
9819 1
9822 1
9828 1
9832 2
9833 2
9834 1
9835 1
9843 1
9844 1
9846 1
9847 2
9848 2
9850 1
9851 2
9852 1
9854 1
9855 3
9856 3
9857 1
9858 1
9859 3
9860 1
9861 1
9862 1
9864 1
9865 1
9867 2
9869 2
9870 3
9874 1
9875 1
9877 2
9878 2
9882 1
9883 1
9886 1
9892 2
9895 1
9896 1
9898 2
9899 1
9901 1
9902 1
9905 1
9906 3
9908 1
9910 1
9911 1
9912 1
9913 1
9914 1
9915 1
9916 2
9917 2
9918 1
9920 1
9922 1
9924 3
9925 2
9927 2
9930 1
9931 1
9933 1
9935 2
9936 1
9939 1
9942 1
9943 3
9947 1
9948 3
9949 2
9950 1
9952 2
9953 1
9955 2
9956 1
9957 1
9959 3
9960 1
9962 3
9963 1
9964 1
9965 2
9968 1
9970 1
9971 1
9973 1
9974 1
9975 1
9976 2
9977 1
9978 2
9979 1
9980 2
9982 3
9983 2
9984 1
9985 4
9987 1
9989 1
9990 1
9991 1
9992 1
9994 1
9995 1
9996 1
9997 1
9998 1
1
1
3
4
4
4
5
5
7
9
9
10
13
13
13
13
15
17
17
18
21
21
22
22
23
25
25
27
28
29
29
29
31
32
32
32
33
33
34
36
36
37
37
38
38
38
39
40
40
40
41
41
41
42
42
42
42
43
43
44
45
46
48
48
49
49
49
50
51
51
54
54
54
54
54
56
58
58
58
58
58
59
59
60
62
63
66
66
66
67
67
68
68
68
71
71
72
73
73
73
74
74
75
76
76
76
77
78
79
80
81
81
81
81
84
84
84
84
85
85
86
89
89
90
90
91
91
91
94
94
96
97
99
100
102
102
102
102
103
103
103
104
104
104
105
107
107
107
107
107
110
112
113
114
114
115
117
118
119
119
120
120
121
122
122
123
124
124
125
128
128
129
130
130
131
131
133
133
133
134
135
135
135
136
136
137
138
138
138
139
140
140
140
141
142
143
143
143
143
143
143
144
145
145
145
146
147
147
147
149
149
149
149
150
150
151
154
154
155
156
159
160
160
160
161
163
164
166
166
168
169
169
169
169
170
170
170
171
171
171
172
174
175
176
176
176
177
179
179
181
181
181
183
184
184
184
184
184
185
185
186
188
189
190
190
190
190
190
190
191
192
192
194
194
194
195
196
196
196
199
200
200
202
203
203
203
204
205
205
206
206
209
210
212
213
213
214
216
217
217
217
218
220
222
223
224
225
225
226
227
228
228
228
229
230
230
232
232
235
236
237
237
238
238
239
239
239
242
242
243
246
246
249
251
253
254
254
254
259
259
260
260
260
260
260
261
261
264
265
266
268
268
269
269
269
269
270
271
271
271
271
272
273
274
275
277
279
279
280
281
283
283
284
285
285
286
286
286
288
288
289
289
290
290
291
292
293
294
294
294
298
298
299
300
301
301
301
302
302
303
304
304
305
305
306
308
309
309
310
310
310
312
312
313
314
314
316
317
319
319
320
321
321
323
324
324
324
325
327
327
329
329
331
334
334
334
334
334
336
336
336
337
338
338
338
339
340
341
341
342
343
343
345
346
349
351
351
351
352
354
354
354
355
356
357
358
360
362
363
364
366
367
367
370
370
371
372
372
373
374
374
378
378
379
379
381
381
382
382
383
383
383
384
384
384
384
387
387
388
389
389
390
390
391
392
392
392
393
394
394
394
395
396
397
397
397
398
398
399
401
402
403
404
404
404
406
407
407
407
409
412
413
416
416
416
416
417
417
417
419
419
420
421
421
422
422
423
423
424
425
425
425
426
427
427
429
430
431
433
433
433
433
434
436
436
438
438
440
440
441
441
442
444
445
445
445
445
448
449
449
449
450
450
451
453
455
457
457
460
461
462
463
464
464
466
467
467
467
468
468
469
469
469
470
471
471
471
472
472
473
473
475
475
475
475
476
476
477
477
477
479
480
480
480
482
482
482
483
483
485
486
486
486
486
486
488
489
489
490
490
490
491
492
494
496
498
498
498
499
499
499
499
500
503
503
503
504
504
504
505
507
507
507
509
510
510
511
512
515
519
519
520
522
523
523
524
524
524
525
525
526
527
528
528
529
529
529
529
531
531
531
532
533
533
538
538
539
539
539
539
540
541
541
541
543
543
543
543
548
549
549
553
553
554
555
556
556
556
556
557
557
557
557
557
558
559
560
561
562
563
564
566
566
566
567
568
569
569
571
572
574
574
574
575
575
577
578
578
579
580
581
581
581
582
582
583
584
584
584
585
586
586
587
590
592
592
593
595
595
596
598
598
598
599
599
600
601
601
601
601
602
604
605
607
607
607
608
609
609
609
610
610
611
611
614
615
616
616
618
618
621
621
622
624
625
626
627
629
629
631
631
631
631
632
634
634
635
636
636
637
638
639
640
641
641
641
642
643
643
644
644
644
644
646
648
648
649
649
649
649
650
651
651
653
653
654
655
655
655
656
657
657
658
659
659
662
664
664
665
665
666
666
667
667
667
667
667
667
667
668
669
669
670
671
672
672
673
675
676
676
678
678
678
678
679
680
680
681
682
682
683
685
685
685
687
688
689
691
691
692
693
693
694
694
694
696
696
696
698
699
699
699
701
701
701
701
703
703
704
704
705
708
709
709
710
711
711
713
713
714
714
715
715
717
717
719
721
722
723
723
724
725
727
728
728
728
732
732
732
733
734
735
736
737
737
737
738
740
742
743
743
745
745
746
747
748
748
749
749
751
751
752
753
754
754
755
756
757
759
760
760
760
761
761
762
762
764
764
765
766
767
768
769
769
770
771
771
772
772
774
774
774
775
776
778
779
779
779
782
784
784
785
786
787
787
787
788
789
789
790
791
791
793
793
793
795
795
796
796
798
798
799
799
800
800
800
801
801
802
803
803
804
805
806
806
806
807
807
808
808
808
809
809
810
812
813
814
814
815
817
817
820
821
822
824
825
826
826
827
828
828
830
831
832
833
833
834
834
834
835
837
837
838
838
839
839
839
839
839
840
840
841
842
843
843
844
844
845
845
846
846
846
847
847
849
850
851
852
852
856
856
857
857
859
862
863
864
865
867
868
868
869
870
870
871
873
874
874
875
876
876
877
877
877
878
878
878
880
882
883
884
884
884
884
884
885
885
886
887
889
890
892
892
894
894
894
894
896
899
900
900
901
901
901
904
905
905
906
906
907
907
907
907
907
910
911
911
912
913
913
914
916
917
918
918
921
921
922
922
923
924
926
926
926
930
930
930
931
932
933
936
936
936
936
936
939
940
941
941
944
944
944
944
944
945
945
946
946
947
947
948
950
952
952
952
953
954
955
955
956
956
959
960
961
962
967
968
968
968
969
969
971
972
972
973
974
975
975
975
976
977
977
978
980
980
980
980
980
981
985
986
987
988
988
990
990
991
991
991
992
992
997
998
998
999
999
1000
1000
1001
1002
1002
1002
1002
1003
1004
1004
1005
1006
1006
1007
1008
1009
1009
1009
1010
1012
1012
1013
1013
1015
1015
1016
1016
1017
1018
1019
1021
1021
1023
1024
1024
1026
1026
1026
1027
1027
1028
1028
1029
1029
1029
1029
1031
1033
1034
1034
1034
1035
1037
1042
1042
1043
1045
1048
1048
1048
1049
1050
1050
1052
1052
1052
1053
1053
1053
1053
1053
1055
1055
1057
1057
1057
1057
1059
1061
1061
1064
1065
1065
1066
1066
1066
1067
1068
1069
1070
1070
1071
1072
1072
1072
1073
1073
1074
1074
1075
1075
1076
1078
1079
1081
1081
1081
1081
1082
1083
1083
1083
1084
1085
1086
1086
1087
1089
1089
1090
1091
1092
1095
1095
1095
1097
1099
1099
1099
1099
1099
1100
1100
1101
1101
1102
1103
1104
1105
1106
1106
1107
1108
1109
1110
1110
1111
1112
1112
1112
1114
1114
1116
1116
1116
1119
1120
1120
1120
1122
1123
1125
1125
1125
1127
1128
1128
1128
1129
1130
1132
1132
1133
1135
1136
1136
1136
1137
1137
1138
1138
1139
1140
1143
1144
1144
1147
1147
1147
1149
1150
1150
1150
1151
1152
1154
1154
1154
1155
1155
1156
1156
1157
1157
1157
1158
1158
1159
1160
1160
1160
1161
1163
1164
1164
1165
1165
1166
1169
1169
1172
1173
1174
1174
1174
1175
1176
1177
1181
1182
1184
1184
1184
1185
1185
1185
1185
1186
1187
1188
1189
1192
1193
1193
1197
1197
1198
1198
1198
1200
1201
1202
1203
1203
1204
1206
1207
1207
1211
1211
1211
1212
1212
1216
1216
1218
1220
1220
1220
1220
1222
1222
1222
1222
1222
1222
1224
1225
1226
1227
1227
1228
1229
1229
1229
1230
1230
1230
1231
1232
1235
1238
1239
1239
1239
1239
1241
1242
1244
1244
1245
1245
1245
1245
1246
1246
1248
1249
1251
1253
1257
1257
1258
1259
1259
1260
1261
1261
1262
1262
1263
1263
1264
1265
1266
1266
1268
1268
1268
1268
1269
1269
1270
1271
1272
1272
1272
1274
1275
1275
1277
1277
1277
1279
1279
1281
1282
1283
1284
1285
1287
1287
1287
1290
1291
1292
1293
1294
1294
1294
1294
1296
1299
1300
1300
1301
1301
1302
1302
1303
1303
1305
1311
1311
1312
1314
1314
1314
1315
1317
1319
1320
1321
1321
1322
1322
1322
1323
1324
1324
1324
1325
1326
1330
1331
1331
1332
1334
1335
1338
1338
1339
1340
1340
1341
1342
1343
1344
1345
1346
1347
1348
1348
1348
1349
1349
1350
1351
1352
1352
1352
1355
1356
1358
1359
1359
1361
1362
1364
1364
1365
1365
1365
1365
1366
1367
1368
1368
1368
1368
1370
1372
1372
1374
1375
1375
1375
1376
1376
1377
1377
1377
1379
1380
1382
1382
1382
1383
1383
1383
1384
1386
1387
1389
1390
1391
1392
1392
1394
1396
1396
1397
1397
1398
1401
1402
1406
1406
1406
1409
1409
1410
1411
1411
1412
1412
1412
1412
1414
1414
1415
1417
1417
1417
1418
1418
1418
1419
1420
1420
1421
1422
1423
1425
1426
1426
1426
1427
1427
1427
1428
1430
1431
1431
1431
1431
1432
1434
1434
1435
1436
1436
1437
1440
1440
1442
1442
1444
1444
1445
1445
1446
1448
1448
1448
1448
1449
1449
1449
1451
1453
1453
1454
1454
1455
1456
1456
1457
1458
1458
1458
1459
1459
1459
1460
1462
1462
1463
1463
1463
1464
1465
1466
1466
1466
1466
1467
1468
1469
1472
1473
1473
1474
1475
1477
1477
1477
1477
1478
1479
1479
1479
1480
1480
1480
1480
1481
1481
1483
1483
1484
1487
1487
1488
1491
1494
1494
1494
1494
1495
1496
1496
1496
1496
1497
1497
1497
1498
1498
1498
1500
1501
1501
1502
1502
1503
1503
1504
1504
1504
1505
1505
1506
1506
1507
1509
1509
1512
1512
1512
1515
1516
1517
1518
1519
1521
1521
1521
1522
1522
1523
1524
1524
1528
1529
1529
1529
1532
1532
1532
1535
1536
1538
1539
1539
1539
1540
1540
1540
1540
1541
1544
1544
1544
1545
1545
1546
1547
1548
1548
1548
1549
1550
1551
1551
1553
1553
1555
1556
1557
1559
1560
1561
1561
1561
1562
1562
1563
1563
1564
1564
1564
1565
1566
1566
1568
1568
1569
1569
1570
1571
1571
1571
1575
1576
1576
1577
1577
1577
1578
1578
1579
1580
1581
1585
1586
1586
1586
1588
1588
1588
1589
1589
1589
1591
1592
1593
1594
1594
1595
1595
1596
1596
1597
1598
1598
1598
1598
1599
1599
1600
1600
1600
1601
1602
1605
1605
1606
1607
1609
1611
1613
1613
1615
1616
1618
1618
1620
1621
1621
1621
1621
1621
1621
1623
1623
1623
1624
1624
1624
1624
1625
1627
1627
1627
1627
1627
1628
1628
1630
1631
1631
1633
1634
1635
1635
1636
1636
1638
1639
1642
1642
1642
1644
1644
1648
1648
1648
1650
1650
1651
1651
1651
1653
1654
1655
1655
1656
1656
1656
1657
1658
1659
1660
1660
1662
1662
1663
1663
1663
1664
1666
1666
1666
1668
1668
1669
1671
1671
1671
1672
1673
1673
1674
1676
1677
1678
1678
1680
1681
1682
1684
1684
1684
1685
1685
1685
1686
1687
1688
1689
1691
1692
1693
1694
1695
1695
1696
1697
1697
1698
1699
1700
1700
1700
1702
1702
1703
1705
1706
1707
1708
1708
1709
1709
1710
1711
1711
1712
1714
1715
1715
1716
1718
1718
1718
1719
1719
1720
1721
1722
1724
1724
1724
1725
1725
1725
1726
1727
1727
1728
1728
1729
1729
1731
1732
1732
1736
1736
1736
1737
1737
1738
1739
1739
1742
1742
1745
1745
1749
1750
1751
1751
1752
1753
1754
1754
1755
1755
1755
1755
1755
1756
1757
1759
1759
1760
1760
1763
1763
1764
1764
1764
1767
1769
1769
1769
1770
1771
1772
1772
1774
1775
1776
1777
1778
1779
1782
1782
1783
1784
1785
1786
1786
1787
1788
1788
1789
1789
1789
1789
1790
1791
1793
1793
1794
1795
1795
1797
1798
1799
1800
1803
1806
1806
1808
1808
1808
1808
1810
1811
1811
1813
1813
1814
1814
1815
1815
1818
1819
1819
1819
1823
1824
1826
1826
1826
1827
1828
1828
1828
1828
1829
1829
1830
1831
1832
1833
1834
1834
1834
1836
1837
1837
1838
1839
1840
1841
1841
1841
1842
1843
1844
1845
1846
1846
1847
1848
1849
1850
1850
1852
1852
1853
1857
1858
1858
1858
1859
1860
1860
1861
1861
1863
1863
1864
1865
1865
1867
1867
1867
1868
1870
1871
1872
1873
1874
1875
1875
1876
1876
1877
1881
1881
1882
1882
1882
1882
1882
1883
1884
1885
1885
1886
1886
1887
1888
1888
1889
1889
1889
1889
1891
1891
1892
1893
1893
1895
1896
1897
1897
1898
1899
1900
1902
1902
1902
1904
1904
1906
1907
1907
1908
1908
1908
1909
1909
1910
1910
1912
1912
1913
1914
1914
1916
1916
1917
1919
1919
1919
1921
1921
1921
1921
1924
1925
1925
1926
1926
1927
1927
1928
1929
1930
1931
1931
1933
1934
1935
1935
1936
1936
1937
1942
1943
1943
1944
1946
1946
1946
1948
1949
1949
1950
1951
1952
1954
1955
1955
1955
1958
1958
1959
1960
1961
1961
1963
1964
1968
1968
1969
1970
1970
1971
1971
1975
1976
1978
1979
1980
1980
1980
1981
1981
1982
1982
1983
1983
1984
1985
1985
1985
1985
1986
1987
1988
1988
1989
1989
1990
1991
1991
1992
1992
1992
1992
1994
1994
1994
1998
1999
2000
2000
2000
2000
2001
2001
2003
2004
2004
2006
2008
2009
2012
2013
2013
2015
2015
2016
2016
2016
2017
2019
2019
2019
2019
2020
2020
2020
2021
2022
2022
2023
2025
2028
2028
2029
2030
2031
2033
2034
2034
2037
2037
2038
2039
2040
2041
2043
2043
2044
2044
2044
2045
2045
2046
2046
2047
2047
2048
2049
2049
2049
2049
2049
2051
2051
2051
2051
2052
2053
2053
2054
2054
2055
2055
2057
2058
2059
2061
2061
2061
2062
2062
2065
2066
2066
2066
2067
2067
2069
2070
2071
2071
2072
2072
2073
2074
2074
2075
2075
2075
2076
2076
2077
2079
2080
2081
2081
2082
2083
2083
2083
2084
2086
2086
2086
2087
2088
2089
2089
2089
2089
2091
2092
2093
2094
2094
2095
2095
2095
2096
2098
2098
2098
2101
2101
2105
2106
2106
2106
2106
2107
2107
2109
2111
2112
2113
2114
2119
2120
2122
2123
2126
2126
2126
2126
2127
2129
2130
2130
2134
2134
2134
2134
2135
2136
2137
2137
2137
2138
2138
2139
2139
2140
2140
2141
2143
2144
2144
2145
2146
2146
2146
2146
2147
2148
2149
2151
2152
2152
2152
2152
2153
2154
2155
2156
2158
2159
2159
2159
2160
2162
2162
2163
2165
2166
2167
2167
2168
2168
2169
2169
2170
2171
2171
2172
2172
2174
2174
2174
2175
2175
2175
2177
2178
2178
2179
2179
2180
2180
2181
2182
2182
2183
2183
2184
2185
2187
2187
2188
2188
2188
2190
2190
2191
2191
2193
2194
2194
2195
2196
2196
2196
2197
2198
2198
2198
2200
2200
2201
2201
2204
2206
2207
2208
2209
2210
2210
2210
2212
2212
2213
2213
2215
2217
2219
2219
2221
2223
2223
2223
2224
2224
2224
2225
2225
2226
2227
2227
2230
2230
2233
2234
2234
2236
2238
2238
2238
2239
2240
2241
2242
2243
2243
2245
2245
2246
2250
2250
2250
2250
2252
2253
2253
2254
2255
2256
2256
2258
2258
2258
2259
2259
2260
2262
2263
2264
2264
2265
2267
2269
2269
2270
2271
2271
2271
2271
2271
2272
2272
2275
2275
2276
2277
2277
2278
2278
2279
2280
2280
2281
2281
2281
2281
2283
2285
2287
2288
2290
2291
2291
2291
2291
2292
2293
2294
2295
2295
2296
2296
2296
2296
2297
2297
2298
2299
2301
2302
2302
2303
2304
2305
2306
2307
2307
2307
2307
2308
2308
2313
2313
2314
2314
2316
2317
2317
2318
2318
2318
2319
2320
2323
2323
2323
2323
2325
2325
2328
2328
2329
2331
2332
2333
2333
2335
2335
2337
2337
2337
2339
2341
2341
2342
2342
2343
2344
2345
2345
2345
2346
2349
2351
2352
2353
2354
2354
2354
2356
2356
2357
2357
2357
2358
2359
2359
2361
2362
2362
2362
2363
2364
2364
2365
2365
2365
2366
2369
2369
2371
2372
2372
2373
2373
2377
2377
2378
2379
2381
2383
2383
2383
2384
2385
2386
2387
2390
2390
2390
2392
2393
2394
2398
2400
2402
2404
2404
2404
2405
2406
2406
2407
2407
2408
2408
2410
2411
2412
2414
2414
2415
2416
2416
2416
2419
2421
2421
2422
2422
2424
2425
2426
2426
2426
2426
2426
2426
2427
2427
2428
2429
2430
2432
2432
2433
2433
2434
2436
2438
2439
2439
2440
2444
2444
2445
2445
2445
2445
2445
2446
2449
2452
2453
2453
2455
2456
2456
2456
2461
2462
2462
2464
2465
2467
2467
2467
2469
2470
2470
2470
2472
2472
2472
2473
2474
2475
2477
2481
2482
2482
2483
2483
2483
2484
2484
2486
2487
2488
2488
2489
2489
2489
2489
2490
2490
2490
2491
2491
2491
2491
2492
2493
2493
2494
2495
2495
2496
2497
2498
2499
2500
2500
2501
2502
2502
2502
2504
2504
2504
2504
2505
2506
2506
2507
2509
2509
2510
2511
2511
2511
2512
2513
2513
2514
2515
2515
2515
2515
2516
2517
2517
2518
2518
2520
2521
2522
2524
2525
2526
2526
2526
2526
2528
2529
2529
2530
2530
2530
2531
2531
2531
2532
2533
2534
2535
2535
2535
2537
2537
2538
2538
2538
2539
2540
2542
2542
2545
2545
2546
2547
2548
2549
2550
2550
2550
2550
2550
2551
2551
2555
2556
2557
2558
2560
2562
2566
2567
2568
2568
2570
2571
2571
2571
2571
2572
2573
2573
2575
2575
2579
2579
2582
2582
2582
2585
2585
2586
2587
2589
2590
2590
2590
2591
2592
2593
2594
2594
2594
2594
2594
2595
2595
2598
2599
2600
2600
2600
2601
2601
2603
2605
2605
2605
2607
2607
2607
2608
2608
2609
2610
2610
2611
2612
2612
2613
2619
2619
2620
2620
2620
2621
2622
2622
2622
2623
2623
2624
2624
2624
2625
2626
2626
2626
2626
2627
2628
2629
2629
2629
2630
2630
2630
2630
2631
2633
2634
2635
2635
2638
2638
2638
2639
2639
2641
2641
2642
2643
2644
2644
2645
2646
2647
2648
2648
2649
2650
2651
2651
2652
2652
2653
2653
2655
2656
2658
2659
2659
2660
2660
2662
2662
2663
2663
2663
2663
2664
2664
2664
2667
2668
2669
2669
2669
2670
2671
2671
2671
2671
2671
2672
2674
2675
2676
2676
2676
2677
2677
2678
2678
2678
2678
2679
2679
2679
2680
2684
2685
2686
2686
2687
2687
2689
2693
2693
2694
2696
2696
2696
2696
2699
2700
2701
2702
2702
2703
2703
2703
2703
2703
2704
2704
2705
2705
2706
2707
2707
2708
2708
2709
2710
2711
2712
2713
2715
2716
2716
2716
2717
2717
2717
2718
2719
2719
2719
2720
2720
2721
2723
2723
2724
2725
2726
2726
2726
2727
2729
2730
2730
2730
2730
2733
2733
2734
2735
2735
2736
2736
2737
2738
2738
2738
2738
2741
2742
2742
2742
2743
2746
2747
2748
2750
2750
2751
2751
2752
2756
2756
2757
2758
2759
2760
2760
2760
2760
2761
2761
2763
2765
2766
2770
2772
2775
2776
2778
2780
2780
2783
2783
2786
2787
2791
2793
2793
2794
2795
2795
2796
2796
2797
2797
2799
2801
2801
2808
2809
2809
2810
2810
2814
2815
2816
2816
2816
2816
2817
2818
2819
2820
2824
2824
2826
2827
2827
2829
2830
2830
2831
2832
2833
2833
2834
2836
2838
2838
2840
2840
2840
2841
2844
2845
2845
2846
2849
2849
2851
2851
2851
2852
2852
2856
2859
2859
2860
2861
2862
2863
2865
2866
2868
2870
2870
2870
2873
2879
2881
2883
2884
2884
2885
2886
2886
2886
2889
2889
2890
2891
2892
2892
2893
2893
2894
2897
2897
2898
2901
2903
2903
2908
2909
2911
2911
2911
2912
2913
2913
2913
2914
2915
2918
2920
2921
2923
2924
2925
2926
2928
2928
2928
2930
2931
2932
2934
2934
2936
2936
2937
2938
2939
2942
2943
2943
2944
2944
2944
2945
2947
2947
2947
2949
2950
2952
2956
2957
2958
2960
2964
2965
2967
2970
2972
2972
2973
2973
2975
2975
2976
2979
2979
2981
2984
2989
2990
2991
2991
2994
2994
2996
2996
2998
2998
2999
2999
3000
3000
3001
3001
3005
3006
3006
3008
3010
3013
3016
3017
3018
3021
3023
3023
3023
3023
3024
3025
3029
3030
3031
3032
3033
3035
3035
3036
3036
3038
3038
3038
3039
3040
3042
3042
3044
3044
3050
3054
3054
3056
3059
3060
3062
3062
3062
3062
3062
3064
3064
3064
3064
3065
3066
3069
3072
3073
3074
3076
3077
3077
3079
3080
3080
3081
3081
3083
3084
3085
3086
3089
3093
3093
3094
3094
3094
3094
3102
3102
3102
3103
3106
3106
3107
3111
3113
3113
3115
3115
3116
3117
3118
3118
3121
3124
3124
3125
3128
3129
3133
3135
3138
3140
3143
3143
3144
3144
3145
3146
3146
3146
3147
3148
3149
3150
3153
3153
3153
3155
3155
3155
3156
3157
3159
3162
3162
3163
3163
3163
3164
3164
3164
3164
3165
3166
3166
3167
3169
3170
3170
3172
3172
3172
3176
3176
3179
3180
3180
3180
3182
3184
3185
3187
3187
3188
3188
3189
3190
3193
3193
3193
3195
3195
3196
3196
3197
3197
3197
3197
3199
3200
3201
3202
3202
3203
3203
3203
3206
3206
3207
3208
3208
3209
3210
3210
3211
3211
3211
3213
3213
3214
3216
3217
3218
3218
3218
3221
3221
3222
3224
3225
3225
3226
3227
3228
3232
3233
3233
3233
3235
3235
3240
3240
3240
3241
3241
3242
3244
3245
3246
3246
3246
3246
3246
3246
3249
3249
3251
3252
3252
3253
3254
3254
3257
3257
3257
3258
3259
3260
3261
3262
3262
3263
3263
3264
3265
3266
3267
3267
3268
3270
3272
3272
3274
3277
3278
3278
3279
3280
3282
3282
3282
3283
3284
3286
3286
3288
3289
3290
3290
3291
3291
3291
3291
3291
3293
3293
3294
3294
3297
3297
3297
3298
3299
3304
3306
3310
3311
3311
3317
3317
3318
3319
3319
3321
3323
3324
3325
3327
3328
3329
3331
3332
3333
3333
3334
3336
3336
3336
3337
3337
3337
3338
3339
3339
3339
3340
3341
3341
3341
3341
3342
3343
3344
3346
3349
3352
3356
3356
3358
3358
3360
3360
3361
3361
3362
3363
3363
3366
3366
3368
3371
3371
3371
3372
3376
3376
3378
3378
3379
3380
3381
3381
3385
3387
3388
3389
3389
3389
3389
3391
3392
3393
3393
3394
3395
3397
3397
3397
3397
3400
3401
3401
3402
3403
3404
3407
3408
3408
3410
3413
3414
3420
3426
3426
3427
3429
3430
3431
3433
3435
3436
3438
3439
3440
3442
3445
3445
3446
3446
3446
3448
3449
3450
3453
3453
3453
3455
3455
3455
3455
3456
3456
3459
3459
3459
3461
3462
3462
3466
3466
3466
3468
3470
3473
3473
3476
3477
3478
3478
3481
3482
3484
3486
3486
3487
3487
3488
3488
3488
3489
3490
3491
3491
3493
3496
3496
3498
3498
3501
3502
3503
3504
3504
3505
3506
3506
3510
3510
3510
3512
3518
3518
3519
3520
3524
3524
3525
3526
3526
3526
3527
3528
3528
3530
3530
3532
3533
3534
3536
3536
3538
3541
3543
3543
3544
3546
3547
3547
3548
3549
3550
3550
3553
3555
3555
3557
3558
3559
3560
3560
3562
3562
3563
3566
3566
3567
3567
3568
3570
3570
3573
3573
3574
3574
3574
3577
3578
3578
3579
3580
3581
3581
3583
3585
3585
3585
3586
3587
3587
3587
3589
3590
3591
3592
3593
3593
3593
3593
3593
3595
3597
3598
3600
3603
3604
3605
3609
3610
3612
3612
3613
3614
3615
3618
3623
3624
3624
3625
3626
3628
3628
3630
3631
3632
3633
3636
3636
3637
3638
3638
3639
3640
3641
3641
3643
3644
3645
3645
3647
3647
3648
3649
3650
3651
3651
3652
3653
3653
3654
3656
3657
3657
3660
3660
3662
3667
3667
3669
3670
3671
3671
3672
3672
3672
3674
3676
3676
3676
3677
3682
3683
3684
3685
3685
3687
3688
3691
3693
3695
3695
3695
3696
3698
3699
3700
3701
3701
3705
3706
3706
3710
3713
3714
3714
3715
3715
3717
3717
3717
3718
3718
3719
3720
3723
3725
3726
3728
3729
3730
3731
3731
3735
3738
3738
3740
3743
3743
3744
3747
3750
3750
3751
3752
3754
3754
3755
3755
3758
3758
3759
3759
3760
3761
3761
3761
3763
3763
3764
3767
3772
3773
3773
3774
3774
3775
3775
3776
3776
3777
3778
3778
3780
3781
3785
3785
3786
3788
3788
3789
3790
3791
3791
3792
3792
3793
3794
3796
3796
3800
3800
3804
3806
3806
3811
3812
3816
3816
3816
3818
3818
3818
3819
3819
3822
3823
3827
3827
3827
3830
3830
3831
3831
3832
3832
3833
3834
3834
3835
3835
3838
3838
3839
3840
3841
3844
3844
3845
3846
3848
3849
3850
3850
3850
3851
3851
3852
3852
3852
3853
3855
3856
3856
3856
3857
3857
3857
3860
3866
3866
3866
3870
3871
3873
3873
3874
3874
3875
3876
3877
3878
3878
3879
3880
3883
3884
3886
3886
3887
3889
3889
3894
3897
3902
3903
3903
3904
3905
3907
3911
3913
3913
3914
3915
3915
3916
3917
3918
3918
3918
3918
3920
3922
3923
3925
3926
3926
3928
3930
3930
3931
3931
3931
3932
3932
3934
3935
3936
3936
3936
3937
3937
3940
3941
3942
3942
3944
3947
3947
3947
3948
3949
3951
3953
3954
3954
3955
3955
3956
3960
3960
3961
3962
3964
3965
3966
3966
3967
3967
3968
3968
3969
3970
3972
3972
3972
3974
3977
3977
3978
3978
3978
3979
3986
3986
3987
3988
3988
3988
3989
3990
3991
3991
3992
3992
3993
3993
3994
3994
3994
3995
3996
3998
3999
4001
4001
4002
4007
4008
4008
4008
4009
4009
4010
4011
4011
4014
4015
4016
4016
4016
4016
4017
4017
4018
4019
4020
4020
4021
4021
4022
4023
4024
4024
4024
4025
4026
4027
4028
4028
4029
4029
4031
4032
4034
4036
4038
4042
4042
4042
4043
4048
4048
4050
4051
4051
4053
4056
4056
4057
4058
4059
4060
4062
4062
4063
4063
4064
4066
4067
4067
4070
4072
4073
4075
4076
4076
4078
4079
4081
4082
4082
4083
4084
4084
4085
4085
4085
4086
4087
4088
4089
4091
4091
4092
4093
4096
4097
4099
4100
4100
4100
4100
4102
4106
4107
4108
4109
4113
4115
4116
4116
4118
4118
4119
4119
4120
4121
4121
4123
4123
4125
4126
4130
4140
4141
4141
4142
4142
4142
4145
4145
4146
4147
4147
4148
4150
4154
4156
4156
4158
4161
4162
4162
4162
4165
4168
4168
4169
4170
4170
4170
4172
4172
4172
4173
4177
4178
4180
4180
4180
4182
4183
4183
4186
4187
4187
4189
4190
4190
4192
4193
4194
4194
4196
4196
4197
4197
4197
4197
4198
4199
4200
4200
4200
4201
4203
4203
4206
4206
4209
4209
4209
4210
4210
4214
4215
4215
4217
4219
4219
4222
4222
4224
4228
4230
4230
4231
4232
4232
4233
4235
4236
4238
4242
4242
4243
4244
4244
4246
4247
4247
4248
4249
4249
4249
4249
4252
4253
4254
4255
4256
4256
4257
4259
4263
4264
4266
4266
4269
4271
4272
4273
4273
4273
4275
4278
4279
4279
4286
4287
4288
4288
4288
4288
4291
4291
4292
4296
4297
4300
4301
4302
4306
4307
4308
4309
4310
4311
4313
4313
4314
4314
4315
4317
4319
4320
4321
4322
4323
4325
4327
4328
4330
4332
4333
4334
4334
4335
4336
4337
4337
4338
4342
4344
4344
4346
4346
4347
4347
4347
4348
4349
4351
4352
4354
4354
4356
4361
4361
4361
4362
4363
4364
4365
4365
4366
4369
4370
4371
4371
4372
4373
4373
4374
4377
4378
4381
4381
4382
4382
4383
4387
4388
4388
4388
4390
4390
4391
4391
4392
4394
4394
4395
4396
4399
4399
4399
4400
4400
4400
4400
4402
4403
4404
4405
4405
4406
4408
4408
4409
4410
4410
4411
4411
4413
4414
4414
4414
4414
4415
4416
4417
4418
4420
4421
4422
4423
4423
4424
4424
4427
4428
4429
4429
4430
4430
4432
4435
4436
4438
4440
4440
4440
4442
4442
4443
4443
4444
4445
4448
4450
4450
4451
4453
4456
4459
4459
4460
4461
4461
4461
4461
4463
4464
4465
4465
4465
4465
4469
4470
4472
4473
4473
4474
4474
4475
4475
4475
4475
4478
4478
4479
4482
4485
4485
4486
4486
4486
4487
4487
4487
4488
4489
4490
4490
4494
4497
4498
4498
4500
4503
4505
4508
4509
4509
4509
4509
4510
4511
4512
4513
4513
4515
4515
4516
4516
4519
4521
4521
4522
4522
4523
4524
4524
4525
4525
4527
4527
4535
4536
4537
4537
4538
4538
4540
4541
4542
4542
4542
4545
4546
4547
4547
4547
4548
4550
4551
4553
4556
4558
4558
4561
4561
4563
4565
4566
4566
4566
4566
4567
4568
4569
4573
4576
4579
4581
4581
4582
4584
4587
4589
4590
4591
4592
4592
4592
4593
4593
4594
4594
4594
4594
4597
4597
4598
4600
4600
4601
4605
4605
4605
4606
4606
4607
4609
4610
4610
4612
4612
4612
4613
4614
4616
4616
4617
4617
4618
4618
4619
4619
4620
4621
4621
4622
4624
4625
4626
4627
4629
4630
4630
4632
4633
4634
4638
4639
4639
4639
4639
4639
4640
4640
4641
4641
4641
4641
4641
4642
4643
4643
4644
4644
4645
4649
4649
4652
4652
4653
4654
4655
4659
4660
4663
4663
4664
4665
4666
4668
4668
4669
4669
4671
4671
4672
4676
4677
4677
4679
4679
4681
4682
4683
4683
4684
4685
4685
4686
4687
4689
4689
4691
4694
4694
4694
4694
4695
4697
4697
4697
4698
4699
4701
4702
4703
4705
4706
4706
4706
4708
4709
4710
4710
4710
4711
4712
4712
4713
4713
4714
4716
4719
4719
4720
4720
4721
4721
4722
4722
4723
4723
4724
4725
4725
4727
4727
4728
4728
4729
4730
4731
4731
4733
4734
4735
4737
4737
4738
4739
4741
4744
4746
4746
4748
4750
4751
4751
4751
4751
4753
4754
4755
4756
4757
4758
4758
4758
4763
4767
4767
4768
4768
4770
4770
4771
4772
4772
4774
4774
4775
4777
4777
4779
4780
4780
4781
4785
4785
4789
4789
4791
4791
4792
4796
4797
4799
4799
4799
4800
4801
4802
4803
4805
4807
4809
4810
4813
4814
4814
4816
4816
4817
4817
4818
4820
4821
4821
4822
4825
4826
4827
4828
4828
4829
4829
4829
4829
4834
4834
4835
4836
4837
4838
4838
4839
4841
4842
4845
4845
4848
4849
4853
4853
4854
4855
4855
4856
4856
4856
4856
4859
4861
4861
4866
4868
4868
4869
4869
4869
4869
4871
4873
4873
4876
4877
4879
4880
4882
4883
4884
4884
4887
4888
4890
4891
4891
4891
4893
4894
4894
4896
4899
4899
4900
4902
4902
4903
4903
4907
4908
4908
4909
4909
4913
4918
4920
4920
4920
4921
4924
4925
4926
4929
4932
4933
4933
4936
4938
4939
4941
4941
4942
4943
4944
4945
4946
4947
4947
4949
4949
4949
4950
4950
4952
4954
4955
4956
4956
4957
4957
4958
4958
4959
4959
4960
4961
4962
4962
4963
4963
4963
4965
4967
4967
4967
4967
4969
4970
4970
4971
4971
4973
4973
4973
4976
4978
4979
4979
4979
4980
4980
4982
4983
4984
4985
4986
4986
4986
4987
4987
4988
4988
4989
4989
4989
4990
4991
4993
4993
4997
4999
4999
5000
5000
5000
5001
5001
5001
5003
5003
5005
5006
5006
5007
5007
5009
5009
5010
5012
5013
5013
5013
5014
5014
5016
5018
5021
5021
5022
5022
5022
5023
5023
5024
5024
5025
5025
5027
5027
5028
5029
5031
5031
5032
5033
5033
5033
5033
5034
5034
5036
5038
5039
5039
5042
5043
5044
5045
5046
5046
5048
5049
5050
5051
5053
5054
5054
5056
5056
5059
5059
5060
5062
5062
5063
5064
5066
5066
5067
5070
5071
5072
5073
5073
5076
5076
5079
5080
5082
5083
5085
5085
5085
5087
5087
5088
5090
5090
5090
5090
5091
5094
5095
5095
5095
5096
5097
5098
5099
5101
5101
5103
5105
5106
5107
5108
5109
5110
5112
5116
5118
5118
5118
5120
5122
5124
5128
5129
5129
5129
5132
5133
5135
5135
5136
5137
5138
5138
5138
5138
5139
5139
5139
5141
5141
5142
5142
5145
5146
5146
5148
5150
5150
5153
5155
5159
5159
5162
5163
5163
5163
5166
5168
5168
5169
5170
5170
5172
5175
5175
5176
5176
5178
5181
5184
5184
5185
5186
5188
5189
5189
5190
5191
5191
5191
5192
5192
5192
5194
5198
5200
5200
5200
5200
5201
5203
5204
5205
5206
5206
5210
5216
5220
5221
5222
5225
5226
5226
5227
5228
5230
5231
5231
5231
5233
5234
5234
5235
5237
5239
5239
5240
5242
5243
5247
5247
5249
5249
5250
5250
5250
5250
5250
5251
5252
5254
5254
5254
5255
5256
5256
5257
5258
5258
5259
5260
5261
5263
5265
5265
5265
5265
5267
5269
5270
5270
5270
5272
5274
5276
5276
5280
5280
5282
5282
5282
5283
5284
5285
5287
5290
5291
5291
5291
5291
5293
5294
5294
5297
5297
5300
5301
5301
5303
5304
5304
5305
5305
5307
5307
5312
5312
5313
5313
5314
5315
5315
5316
5317
5317
5317
5319
5319
5320
5320
5321
5322
5329
5330
5332
5334
5334
5339
5341
5341
5343
5344
5344
5344
5345
5346
5346
5347
5347
5348
5348
5349
5350
5351
5352
5352
5353
5353
5356
5356
5359
5359
5362
5364
5368
5370
5370
5371
5371
5371
5372
5375
5377
5378
5381
5381
5385
5385
5386
5386
5386
5387
5388
5389
5390
5391
5392
5392
5396
5396
5397
5399
5399
5403
5403
5403
5404
5404
5405
5407
5408
5409
5412
5412
5412
5413
5413
5415
5416
5417
5417
5417
5418
5419
5420
5422
5423
5424
5424
5424
5428
5429
5430
5432
5434
5434
5435
5437
5437
5437
5442
5443
5445
5446
5447
5448
5448
5448
5450
5451
5451
5453
5453
5453
5455
5455
5456
5457
5457
5458
5459
5459
5461
5464
5466
5466
5467
5468
5468
5470
5470
5470
5470
5471
5472
5472
5472
5473
5473
5473
5476
5477
5478
5485
5486
5489
5492
5492
5493
5495
5496
5497
5499
5503
5503
5504
5506
5506
5507
5508
5509
5512
5514
5517
5518
5519
5520
5520
5521
5523
5525
5526
5530
5530
5531
5533
5533
5533
5536
5536
5536
5537
5537
5537
5538
5538
5539
5539
5541
5542
5542
5543
5543
5544
5545
5546
5547
5548
5548
5548
5548
5548
5554
5556
5557
5559
5561
5561
5562
5562
5562
5564
5566
5566
5566
5566
5567
5567
5568
5569
5574
5574
5575
5576
5579
5580
5582
5585
5585
5585
5585
5588
5590
5590
5590
5590
5590
5591
5595
5597
5598
5599
5600
5602
5602
5603
5603
5604
5604
5606
5606
5606
5607
5607
5607
5609
5611
5611
5611
5616
5616
5617
5619
5620
5621
5621
5622
5622
5623
5624
5625
5626
5628
5629
5630
5630
5630
5632
5632
5633
5634
5636
5636
5637
5639
5639
5640
5644
5644
5646
5647
5647
5647
5649
5652
5652
5652
5654
5657
5657
5661
5663
5666
5666
5666
5668
5669
5669
5674
5675
5675
5676
5676
5677
5677
5678
5678
5679
5679
5680
5680
5681
5683
5685
5687
5687
5688
5690
5691
5693
5693
5694
5695
5696
5698
5700
5700
5706
5706
5706
5707
5707
5707
5708
5708
5710
5711
5713
5713
5714
5714
5715
5716
5717
5718
5718
5719
5720
5722
5722
5723
5723
5723
5723
5725
5726
5727
5727
5727
5728
5729
5730
5730
5733
5734
5735
5740
5740
5742
5742
5746
5746
5749
5750
5751
5751
5751
5753
5755
5757
5757
5759
5759
5760
5760
5761
5761
5761
5761
5761
5765
5766
5766
5768
5770
5771
5772
5775
5776
5777
5779
5779
5781
5782
5784
5784
5784
5786
5787
5788
5788
5789
5791
5791
5791
5792
5792
5792
5792
5793
5794
5794
5795
5795
5795
5798
5801
5803
5803
5806
5808
5808
5809
5809
5810
5810
5811
5812
5813
5813
5813
5813
5814
5814
5815
5816
5817
5819
5820
5821
5821
5821
5822
5822
5822
5823
5823
5825
5825
5827
5828
5828
5829
5829
5829
5830
5832
5834
5835
5835
5836
5837
5837
5837
5839
5842
5842
5843
5843
5845
5845
5846
5847
5847
5848
5848
5849
5851
5852
5852
5852
5853
5855
5858
5858
5858
5859
5860
5861
5863
5864
5865
5866
5866
5867
5868
5868
5869
5869
5870
5870
5870
5872
5873
5875
5875
5875
5875
5877
5881
5882
5882
5882
5884
5886
5891
5892
5894
5894
5897
5897
5897
5898
5899
5900
5904
5906
5907
5908
5908
5913
5916
5918
5921
5923
5924
5924
5925
5927
5928
5928
5929
5929
5933
5935
5937
5937
5938
5938
5939
5940
5940
5941
5942
5942
5944
5945
5945
5946
5946
5946
5947
5948
5949
5949
5951
5952
5954
5956
5956
5957
5959
5961
5962
5967
5967
5967
5968
5968
5968
5970
5971
5971
5974
5975
5975
5977
5979
5981
5982
5985
5985
5986
5987
5988
5988
5988
5989
5991
5992
5992
5994
5994
5995
5995
5997
5998
6002
6003
6003
6004
6004
6007
6007
6009
6010
6011
6016
6017
6018
6019
6020
6021
6022
6022
6024
6025
6026
6029
6029
6030
6031
6031
6032
6032
6033
6035
6037
6039
6039
6039
6039
6041
6041
6041
6047
6049
6049
6049
6051
6052
6053
6053
6054
6054
6059
6060
6061
6062
6064
6065
6065
6066
6066
6068
6068
6069
6071
6071
6072
6073
6073
6075
6075
6078
6081
6082
6086
6086
6086
6089
6089
6090
6091
6092
6097
6098
6098
6100
6100
6100
6100
6100
6101
6101
6101
6101
6102
6103
6103
6104
6106
6108
6112
6113
6114
6115
6115
6116
6116
6117
6118
6119
6119
6120
6121
6123
6123
6125
6125
6126
6126
6126
6127
6127
6127
6128
6129
6130
6130
6130
6131
6134
6134
6135
6136
6140
6140
6140
6140
6140
6141
6141
6142
6142
6142
6142
6143
6146
6147
6150
6150
6151
6153
6154
6154
6155
6158
6159
6161
6161
6162
6163
6164
6165
6168
6171
6173
6174
6177
6178
6183
6189
6189
6191
6191
6192
6192
6194
6194
6195
6198
6200
6201
6201
6202
6203
6203
6204
6205
6205
6205
6207
6207
6209
6210
6210
6212
6216
6217
6217
6218
6218
6219
6219
6220
6220
6222
6223
6223
6225
6225
6225
6226
6227
6227
6227
6228
6232
6232
6232
6235
6235
6236
6238
6239
6239
6242
6245
6249
6250
6251
6251
6252
6254
6256
6256
6257
6258
6258
6259
6260
6260
6261
6261
6261
6265
6267
6267
6269
6270
6270
6271
6272
6273
6273
6275
6279
6280
6281
6282
6282
6282
6283
6283
6287
6288
6288
6289
6291
6292
6293
6293
6293
6297
6298
6300
6301
6301
6303
6304
6304
6306
6309
6313
6318
6321
6321
6322
6322
6322
6325
6328
6328
6330
6332
6333
6334
6334
6335
6335
6337
6337
6337
6338
6339
6340
6340
6340
6341
6342
6344
6344
6344
6345
6345
6346
6346
6347
6350
6351
6355
6359
6359
6360
6360
6361
6363
6364
6364
6365
6366
6367
6367
6367
6368
6370
6372
6373
6380
6383
6386
6386
6387
6388
6389
6393
6394
6394
6395
6396
6396
6397
6397
6397
6399
6399
6403
6406
6407
6408
6411
6412
6412
6413
6414
6414
6416
6419
6420
6422
6422
6423
6423
6424
6424
6424
6425
6425
6426
6427
6428
6429
6430
6430
6431
6431
6431
6432
6432
6435
6435
6436
6437
6438
6439
6440
6440
6440
6440
6440
6441
6442
6444
6445
6445
6447
6447
6449
6451
6451
6454
6459
6460
6460
6461
6462
6462
6464
6464
6464
6465
6465
6467
6468
6468
6468
6468
6468
6469
6470
6472
6474
6475
6478
6478
6478
6479
6480
6484
6485
6485
6487
6489
6490
6490
6491
6491
6492
6492
6494
6496
6498
6499
6499
6500
6501
6501
6501
6503
6503
6505
6505
6509
6509
6510
6512
6513
6513
6514
6518
6519
6520
6520
6526
6529
6534
6534
6535
6535
6539
6539
6540
6541
6541
6542
6542
6543
6545
6546
6546
6547
6550
6550
6550
6550
6551
6553
6556
6558
6559
6560
6560
6562
6562
6563
6566
6566
6566
6570
6573
6574
6576
6576
6577
6577
6577
6579
6583
6583
6584
6585
6585
6587
6587
6587
6587
6588
6589
6589
6590
6590
6591
6592
6595
6596
6596
6599
6600
6601
6603
6603
6606
6609
6611
6611
6612
6612
6613
6613
6614
6616
6616
6617
6618
6618
6619
6620
6622
6624
6625
6625
6627
6627
6631
6632
6633
6633
6634
6634
6634
6635
6635
6636
6637
6638
6638
6641
6642
6642
6642
6646
6646
6647
6648
6649
6650
6652
6653
6654
6654
6655
6656
6658
6659
6659
6659
6661
6665
6667
6668
6668
6668
6672
6674
6674
6676
6677
6678
6679
6679
6680
6684
6686
6686
6686
6688
6689
6693
6694
6694
6694
6697
6698
6699
6701
6702
6702
6703
6703
6705
6705
6706
6706
6706
6706
6707
6709
6709
6711
6714
6715
6716
6717
6718
6721
6722
6724
6725
6728
6728
6728
6729
6730
6730
6732
6732
6732
6734
6735
6736
6738
6739
6740
6741
6742
6742
6743
6743
6747
6748
6748
6748
6749
6749
6754
6755
6755
6756
6757
6757
6758
6759
6759
6761
6761
6763
6764
6764
6765
6767
6767
6767
6768
6768
6770
6778
6779
6782
6782
6782
6783
6783
6785
6785
6785
6788
6791
6792
6793
6793
6794
6795
6799
6799
6799
6801
6804
6805
6805
6807
6807
6807
6808
6808
6809
6810
6812
6812
6812
6812
6813
6814
6815
6815
6817
6817
6817
6818
6820
6822
6824
6825
6825
6825
6825
6826
6827
6827
6828
6829
6829
6831
6831
6832
6834
6834
6835
6836
6836
6841
6841
6841
6842
6842
6843
6844
6844
6844
6845
6846
6847
6848
6848
6850
6851
6851
6851
6851
6852
6854
6857
6858
6858
6859
6860
6860
6861
6861
6863
6863
6863
6866
6866
6867
6867
6868
6868
6869
6869
6869
6870
6873
6873
6874
6875
6876
6877
6879
6879
6880
6881
6882
6883
6884
6886
6887
6888
6889
6891
6891
6891
6892
6894
6895
6896
6897
6897
6898
6898
6901
6901
6901
6903
6906
6910
6910
6911
6912
6913
6914
6914
6915
6916
6916
6917
6920
6920
6920
6922
6923
6923
6924
6924
6924
6924
6924
6925
6925
6926
6926
6926
6928
6928
6929
6929
6933
6933
6934
6935
6938
6939
6942
6944
6945
6947
6947
6948
6949
6949
6950
6953
6956
6956
6956
6959
6963
6963
6963
6965
6967
6967
6967
6969
6970
6973
6973
6973
6975
6976
6978
6980
6980
6980
6981
6982
6983
6984
6984
6985
6985
6985
6991
6991
6992
6995
6996
7000
7000
7005
7005
7005
7006
7007
7007
7008
7008
7009
7009
7012
7012
7012
7014
7015
7016
7017
7017
7023
7028
7029
7031
7033
7033
7036
7038
7038
7039
7039
7039
7041
7042
7043
7044
7044
7044
7046
7049
7049
7050
7050
7050
7054
7055
7055
7056
7057
7057
7057
7059
7064
7065
7065
7066
7066
7066
7068
7074
7074
7076
7077
7078
7080
7081
7086
7086
7086
7086
7087
7089
7090
7090
7090
7092
7092
7092
7094
7094
7095
7096
7097
7099
7099
7100
7102
7104
7104
7104
7104
7104
7105
7108
7108
7110
7110
7111
7111
7117
7118
7118
7119
7119
7120
7122
7124
7124
7125
7125
7125
7126
7126
7129
7130
7132
7133
7136
7136
7137
7138
7138
7138
7141
7142
7148
7149
7149
7149
7150
7152
7153
7153
7154
7157
7158
7158
7158
7159
7162
7162
7163
7165
7166
7169
7169
7171
7172
7172
7173
7178
7179
7179
7183
7183
7183
7185
7185
7186
7188
7190
7190
7190
7193
7193
7194
7196
7196
7197
7200
7201
7201
7202
7205
7206
7206
7206
7207
7207
7208
7209
7210
7211
7213
7214
7214
7214
7217
7220
7222
7223
7223
7223
7224
7224
7225
7226
7227
7228
7230
7232
7234
7234
7235
7236
7237
7237
7238
7239
7240
7240
7241
7241
7242
7243
7245
7246
7246
7252
7252
7253
7253
7253
7254
7254
7254
7255
7255
7257
7261
7262
7263
7263
7263
7263
7264
7265
7265
7267
7268
7268
7270
7271
7272
7272
7273
7274
7274
7275
7278
7278
7279
7283
7283
7284
7284
7286
7286
7286
7289
7291
7291
7292
7294
7295
7296
7297
7297
7297
7297
7298
7299
7300
7301
7302
7302
7303
7304
7312
7313
7319
7322
7322
7323
7324
7327
7328
7328
7329
7329
7331
7335
7339
7343
7348
7349
7350
7350
7351
7351
7353
7356
7358
7359
7359
7359
7363
7363
7367
7367
7367
7369
7369
7370
7371
7372
7372
7373
7373
7373
7374
7374
7375
7376
7376
7377
7377
7378
7385
7389
7389
7390
7391
7392
7394
7396
7396
7397
7398
7399
7400
7402
7402
7402
7406
7407
7407
7407
7409
7411
7412
7414
7416
7417
7420
7421
7422
7422
7423
7428
7428
7431
7431
7432
7433
7433
7433
7433
7436
7437
7438
7438
7439
7439
7439
7439
7441
7441
7442
7442
7442
7442
7443
7443
7444
7445
7446
7447
7447
7447
7449
7449
7451
7451
7452
7452
7453
7453
7455
7458
7458
7461
7462
7463
7465
7466
7466
7468
7469
7470
7470
7471
7474
7476
7479
7479
7480
7480
7480
7481
7482
7483
7484
7488
7490
7492
7492
7492
7493
7493
7493
7499
7500
7501
7501
7502
7503
7505
7506
7506
7507
7508
7509
7509
7512
7513
7515
7517
7519
7519
7519
7520
7520
7521
7524
7524
7524
7525
7526
7526
7529
7530
7531
7531
7532
7532
7532
7533
7535
7535
7536
7537
7538
7539
7541
7541
7542
7542
7545
7545
7546
7547
7547
7548
7548
7550
7550
7551
7552
7553
7553
7554
7554
7555
7558
7558
7560
7561
7570
7570
7572
7573
7574
7576
7577
7577
7578
7578
7578
7579
7579
7579
7580
7581
7581
7583
7584
7584
7585
7585
7586
7586
7587
7587
7588
7588
7588
7590
7591
7591
7591
7592
7592
7593
7594
7595
7596
7597
7597
7599
7603
7603
7603
7604
7605
7605
7605
7606
7607
7608
7610
7611
7611
7612
7612
7612
7613
7614
7616
7617
7617
7617
7618
7620
7620
7620
7622
7623
7624
7625
7625
7626
7627
7628
7630
7630
7630
7633
7633
7634
7634
7634
7634
7637
7640
7640
7641
7642
7645
7645
7647
7650
7650
7650
7651
7652
7652
7654
7657
7659
7659
7660
7660
7661
7664
7666
7666
7667
7667
7667
7667
7668
7669
7669
7670
7671
7671
7672
7673
7674
7680
7680
7682
7683
7683
7684
7684
7685
7687
7689
7689
7690
7690
7692
7693
7693
7694
7694
7695
7700
7701
7702
7704
7706
7709
7710
7712
7712
7714
7714
7715
7718
7719
7719
7720
7720
7721
7721
7721
7722
7724
7724
7724
7726
7726
7727
7728
7728
7728
7729
7729
7729
7731
7731
7731
7732
7733
7735
7738
7739
7741
7741
7742
7744
7746
7747
7747
7751
7753
7754
7754
7755
7757
7758
7758
7760
7761
7762
7762
7763
7768
7769
7769
7770
7771
7774
7775
7775
7776
7777
7777
7778
7781
7781
7782
7782
7783
7783
7784
7786
7788
7791
7792
7793
7794
7796
7800
7800
7803
7804
7805
7805
7808
7810
7810
7812
7812
7814
7814
7816
7819
7819
7823
7825
7826
7826
7828
7830
7831
7831
7832
7832
7833
7834
7835
7838
7840
7842
7842
7843
7844
7844
7845
7847
7850
7856
7858
7859
7860
7861
7862
7863
7864
7865
7865
7871
7871
7874
7877
7878
7880
7880
7880
7883
7883
7884
7887
7887
7888
7888
7888
7889
7890
7890
7893
7893
7893
7894
7896
7897
7899
7899
7901
7902
7902
7902
7902
7903
7906
7906
7907
7907
7910
7912
7913
7914
7916
7917
7919
7919
7919
7923
7923
7924
7927
7929
7930
7930
7931
7932
7933
7934
7934
7935
7937
7937
7939
7940
7941
7941
7943
7944
7945
7946
7946
7946
7950
7951
7951
7953
7954
7954
7954
7954
7955
7955
7955
7956
7957
7959
7959
7959
7959
7960
7961
7962
7965
7965
7966
7967
7968
7969
7971
7972
7972
7973
7974
7975
7976
7976
7976
7976
7977
7982
7982
7983
7983
7983
7985
7987
7987
7989
7994
7994
7995
7996
7996
7997
7998
7999
8000
8002
8002
8008
8008
8009
8009
8010
8011
8012
8013
8016
8019
8020
8022
8023
8024
8024
8024
8026
8027
8027
8027
8028
8029
8030
8030
8033
8035
8036
8037
8039
8041
8042
8043
8043
8043
8044
8045
8045
8046
8047
8048
8049
8050
8051
8052
8053
8054
8055
8056
8057
8059
8061
8061
8061
8062
8062
8062
8062
8065
8065
8067
8071
8073
8075
8075
8075
8075
8075
8076
8076
8080
8081
8082
8083
8083
8085
8086
8087
8087
8087
8088
8091
8092
8093
8095
8099
8099
8100
8100
8101
8102
8103
8103
8103
8104
8104
8104
8105
8107
8107
8107
8108
8109
8111
8112
8113
8114
8114
8115
8116
8117
8117
8118
8119
8120
8121
8122
8125
8126
8126
8126
8126
8128
8129
8130
8131
8133
8134
8135
8135
8136
8136
8136
8137
8138
8141
8145
8146
8147
8148
8149
8149
8150
8154
8155
8159
8160
8161
8163
8165
8167
8167
8167
8167
8169
8169
8169
8171
8171
8172
8173
8175
8175
8176
8178
8178
8179
8181
8183
8183
8183
8185
8185
8187
8188
8188
8189
8190
8191
8191
8195
8195
8197
8198
8201
8202
8203
8209
8212
8212
8213
8214
8214
8214
8214
8218
8218
8218
8221
8222
8222
8223
8223
8224
8224
8224
8225
8228
8228
8231
8231
8231
8232
8234
8235
8236
8236
8238
8238
8238
8239
8239
8240
8241
8241
8244
8246
8246
8246
8247
8247
8248
8250
8251
8251
8252
8252
8253
8253
8253
8254
8256
8256
8257
8257
8258
8259
8259
8260
8260
8261
8263
8263
8265
8265
8267
8267
8269
8272
8273
8275
8276
8276
8276
8278
8278
8282
8282
8284
8284
8284
8285
8287
8287
8287
8288
8290
8291
8291
8291
8293
8295
8296
8297
8297
8298
8298
8299
8300
8301
8301
8302
8302
8304
8305
8311
8314
8314
8314
8315
8316
8316
8316
8318
8319
8319
8319
8320
8322
8322
8324
8325
8325
8325
8326
8327
8328
8330
8331
8334
8335
8336
8338
8340
8340
8342
8344
8344
8344
8345
8346
8347
8349
8351
8351
8352
8353
8353
8353
8357
8358
8359
8361
8361
8362
8362
8364
8365
8365
8366
8367
8367
8367
8368
8369
8371
8374
8374
8375
8379
8381
8381
8381
8382
8383
8383
8384
8384
8387
8388
8388
8389
8389
8390
8392
8393
8393
8393
8394
8395
8395
8397
8397
8397
8398
8400
8401
8401
8401
8403
8404
8406
8407
8411
8412
8412
8414
8415
8419
8420
8422
8422
8423
8424
8424
8425
8425
8429
8429
8432
8433
8434
8434
8435
8435
8438
8438
8441
8441
8442
8443
8443
8444
8444
8445
8446
8447
8449
8450
8452
8455
8455
8456
8456
8457
8457
8457
8458
8459
8459
8462
8462
8464
8465
8466
8468
8470
8470
8471
8471
8471
8473
8477
8478
8478
8480
8481
8483
8484
8487
8487
8488
8489
8490
8491
8491
8492
8493
8494
8494
8494
8495
8497
8498
8499
8499
8500
8502
8504
8504
8504
8505
8506
8506
8508
8510
8511
8511
8514
8515
8515
8517
8520
8520
8521
8523
8523
8523
8526
8527
8527
8528
8530
8530
8530
8533
8533
8535
8536
8537
8537
8538
8539
8541
8541
8541
8542
8546
8547
8549
8551
8552
8552
8553
8554
8555
8562
8564
8564
8565
8570
8570
8570
8571
8572
8578
8581
8582
8583
8584
8584
8585
8585
8585
8586
8589
8589
8590
8592
8593
8593
8593
8593
8594
8595
8596
8596
8597
8597
8598
8599
8600
8600
8600
8601
8602
8604
8604
8605
8607
8608
8609
8611
8611
8612
8612
8614
8614
8614
8615
8615
8617
8617
8618
8619
8622
8622
8622
8623
8625
8626
8628
8628
8628
8630
8631
8631
8631
8632
8632
8632
8634
8634
8635
8637
8637
8637
8639
8639
8640
8642
8643
8644
8644
8645
8647
8650
8651
8652
8652
8653
8653
8654
8656
8656
8659
8662
8663
8665
8665
8665
8667
8667
8668
8671
8673
8673
8673
8676
8678
8678
8678
8679
8681
8682
8682
8683
8684
8684
8685
8685
8686
8687
8687
8690
8693
8693
8696
8696
8697
8698
8701
8701
8704
8704
8704
8704
8704
8704
8705
8706
8707
8707
8707
8708
8710
8710
8711
8713
8715
8716
8717
8717
8718
8718
8718
8719
8719
8720
8721
8721
8722
8723
8723
8724
8725
8725
8726
8728
8729
8730
8732
8732
8733
8734
8736
8737
8739
8739
8739
8739
8741
8742
8743
8746
8746
8748
8752
8753
8753
8753
8753
8753
8754
8757
8757
8760
8760
8760
8761
8762
8762
8763
8763
8763
8763
8765
8765
8766
8769
8769
8772
8774
8776
8776
8779
8780
8782
8783
8786
8787
8787
8788
8792
8792
8793
8794
8794
8796
8796
8797
8799
8800
8802
8804
8804
8805
8805
8806
8806
8806
8806
8808
8808
8810
8811
8816
8816
8819
8820
8820
8823
8823
8824
8824
8826
8827
8827
8827
8828
8828
8828
8828
8828
8829
8829
8830
8832
8834
8834
8835
8836
8836
8836
8836
8839
8839
8839
8841
8842
8843
8843
8847
8848
8849
8849
8849
8850
8850
8850
8851
8853
8854
8855
8857
8863
8864
8865
8865
8867
8868
8870
8871
8872
8873
8874
8876
8876
8879
8881
8883
8885
8885
8885
8886
8886
8887
8889
8889
8891
8891
8892
8893
8896
8897
8897
8900
8901
8902
8902
8903
8908
8909
8909
8910
8912
8914
8914
8916
8917
8918
8919
8920
8921
8923
8923
8926
8929
8931
8931
8933
8934
8935
8936
8936
8938
8939
8939
8939
8939
8940
8942
8943
8943
8945
8946
8947
8948
8954
8957
8957
8958
8959
8961
8963
8963
8963
8964
8965
8965
8966
8966
8966
8966
8969
8970
8971
8972
8973
8977
8977
8979
8979
8980
8982
8982
8983
8983
8983
8984
8984
8984
8985
8986
8988
8991
8991
8991
8992
8994
8996
8997
9002
9003
9004
9007
9008
9008
9009
9010
9011
9011
9012
9012
9019
9020
9023
9023
9024
9024
9024
9024
9027
9028
9030
9030
9030
9034
9035
9036
9038
9040
9040
9041
9041
9043
9045
9046
9047
9048
9048
9049
9051
9051
9053
9054
9054
9057
9059
9059
9060
9064
9066
9067
9067
9068
9072
9073
9073
9073
9073
9074
9075
9075
9075
9076
9077
9078
9078
9079
9079
9080
9081
9082
9082
9082
9083
9085
9086
9087
9087
9088
9088
9089
9091
9091
9092
9092
9094
9094
9095
9095
9096
9096
9096
9097
9098
9098
9099
9100
9103
9103
9104
9105
9106
9106
9108
9109
9110
9116
9117
9119
9123
9123
9125
9126
9127
9128
9128
9130
9130
9131
9131
9132
9133
9134
9136
9136
9141
9141
9142
9142
9145
9146
9146
9147
9150
9150
9152
9153
9153
9154
9155
9155
9157
9157
9157
9158
9160
9161
9162
9162
9167
9169
9169
9169
9170
9171
9172
9173
9174
9175
9175
9176
9177
9179
9181
9183
9185
9188
9189
9191
9194
9194
9196
9198
9198
9199
9199
9200
9201
9202
9204
9205
9205
9205
9206
9207
9208
9213
9214
9214
9216
9218
9219
9221
9222
9222
9222
9224
9225
9228
9229
9230
9233
9233
9236
9236
9236
9237
9241
9248
9249
9250
9251
9252
9252
9253
9253
9254
9254
9255
9257
9258
9261
9261
9261
9262
9265
9265
9265
9266
9266
9267
9270
9271
9272
9272
9272
9274
9276
9276
9276
9277
9278
9279
9281
9282
9283
9285
9286
9286
9286
9289
9290
9291
9291
9293
9293
9296
9298
9299
9299
9300
9300
9302
9302
9310
9310
9311
9313
9314
9314
9314
9315
9315
9315
9315
9317
9319
9320
9321
9322
9324
9324
9325
9329
9332
9335
9335
9338
9338
9339
9342
9344
9345
9346
9349
9351
9352
9353
9354
9355
9355
9356
9357
9358
9358
9359
9360
9360
9362
9362
9363
9365
9366
9369
9369
9370
9371
9373
9373
9374
9375
9376
9376
9382
9383
9384
9385
9386
9388
9389
9390
9391
9397
9398
9398
9398
9401
9402
9403
9406
9406
9407
9408
9409
9410
9411
9412
9413
9413
9414
9414
9415
9421
9422
9422
9422
9425
9426
9426
9427
9427
9428
9429
9430
9430
9436
9439
9441
9444
9445
9446
9446
9448
9448
9449
9449
9450
9452
9452
9456
9459
9459
9460
9461
9463
9464
9464
9464
9465
9465
9466
9467
9467
9468
9468
9468
9469
9473
9473
9474
9479
9481
9482
9483
9484
9484
9486
9487
9488
9488
9489
9490
9491
9491
9492
9493
9493
9495
9497
9497
9498
9500
9500
9502
9502
9504
9504
9504
9506
9508
9508
9509
9511
9512
9512
9513
9513
9515
9515
9516
9516
9516
9522
9523
9524
9525
9527
9528
9528
9530
9532
9532
9534
9536
9536
9538
9538
9540
9542
9543
9547
9552
9552
9552
9553
9553
9555
9556
9556
9556
9557
9557
9557
9557
9558
9558
9559
9560
9561
9562
9562
9563
9566
9567
9567
9568
9568
9570
9570
9571
9574
9575
9577
9578
9579
9579
9579
9583
9584
9588
9589
9590
9592
9594
9595
9596
9599
9602
9602
9602
9602
9603
9607
9607
9607
9609
9610
9611
9612
9614
9615
9616
9617
9617
9617
9618
9618
9619
9622
9624
9625
9626
9630
9632
9635
9636
9644
9646
9647
9647
9648
9648
9648
9648
9649
9650
9653
9654
9655
9656
9657
9658
9659
9659
9659
9660
9660
9662
9663
9663
9663
9664
9665
9666
9667
9669
9669
9670
9671
9671
9673
9675
9677
9677
9678
9679
9680
9680
9682
9682
9683
9684
9686
9687
9689
9689
9689
9691
9693
9694
9695
9696
9696
9696
9696
9696
9697
9697
9699
9700
9701
9704
9705
9708
9708
9711
9712
9712
9713
9715
9715
9715
9715
9719
9719
9720
9721
9723
9724
9725
9725
9726
9727
9727
9729
9729
9730
9731
9732
9734
9735
9735
9736
9737
9738
9739
9741
9741
9742
9742
9744
9745
9749
9750
9751
9752
9753
9755
9756
9757
9759
9759
9762
9762
9763
9764
9764
9765
9767
9767
9767
9768
9769
9769
9769
9770
9771
9771
9772
9773
9773
9774
9775
9778
9780
9782
9782
9783
9783
9784
9784
9786
9786
9787
9788
9789
9790
9790
9790
9791
9791
9791
9793
9794
9794
9794
9796
9797
9802
9802
9802
9802
9804
9808
9809
9811
9813
9813
9814
9815
9815
9815
9815
9816
9816
9816
9816
9819
9822
9828
9832
9832
9833
9833
9834
9835
9843
9844
9846
9847
9847
9848
9848
9850
9851
9851
9852
9854
9855
9855
9855
9856
9856
9856
9857
9858
9859
9859
9859
9860
9861
9862
9864
9865
9867
9867
9869
9869
9870
9870
9870
9874
9875
9877
9877
9878
9878
9882
9883
9886
9892
9892
9895
9896
9898
9898
9899
9901
9902
9905
9906
9906
9906
9908
9910
9911
9912
9913
9914
9915
9916
9916
9917
9917
9918
9920
9922
9924
9924
9924
9925
9925
9927
9927
9930
9931
9933
9935
9935
9936
9939
9942
9943
9943
9943
9947
9948
9948
9948
9949
9949
9950
9952
9952
9953
9955
9955
9956
9957
9959
9959
9959
9960
9962
9962
9962
9963
9964
9965
9965
9968
9970
9971
9973
9974
9975
9976
9976
9977
9978
9978
9979
9980
9980
9982
9982
9982
9983
9983
9984
9985
9985
9985
9985
9987
9989
9990
9991
9992
9994
9995
9996
9997
9998
