[2J[;H##########
#........#
#.######.#
#.#....#.#
#.#..@.#.#
#.#....#.#
#.#......#
#.########
#........#
##########
0
[2J[;H##########
#........#
#.######.#
#.#..@.#.#
#.#....#.#
#.#....#.#
#.#......#
#.########
#........#
##########
1
[2J[;H##########
#........#
#.######.#
#.#...@#.#
#.#....#.#
#.#....#.#
#.#......#
#.########
#........#
##########
2
[2J[;H##########
#........#
#.######.#
#.#....#.#
#.#...@#.#
#.#....#.#
#.#......#
#.########
#........#
##########
3
[2J[;H##########
#........#
#.######.#
#.#....#.#
#.#....#.#
#.#...@#.#
#.#......#
#.########
#........#
##########
4
[2J[;H##########
#........#
#.######.#
#.#....#.#
#.#....#.#
#.#....#.#
#.#...@..#
#.########
#........#
##########
5
[2J[;H##########
#........#
#.######.#
#.#....#.#
#.#....#.#
#.#....#.#
#.#....@.#
#.########
#........#
##########
6
[2J[;H##########
#........#
#.######.#
#.#....#.#
#.#....#.#
#.#....#.#
#.#.....@#
#.########
#........#
##########
7
[2J[;H##########
#........#
#.######.#
#.#....#.#
#.#....#.#
#.#....#@#
#.#......#
#.########
#........#
##########
8
[2J[;H##########
#........#
#.######.#
#.#....#.#
#.#....#@#
#.#....#.#
#.#......#
#.########
#........#
##########
9
[2J[;H##########
#........#
#.######.#
#.#....#@#
#.#....#.#
#.#....#.#
#.#......#
#.########
#........#
##########
10
[2J[;H##########
#........#
#.######@#
#.#....#.#
#.#....#.#
#.#....#.#
#.#......#
#.########
#........#
##########
11
[2J[;H##########
#.......@#
#.######.#
#.#....#.#
#.#....#.#
#.#....#.#
#.#......#
#.########
#........#
##########
12
[2J[;H##########
#......@.#
#.######.#
#.#....#.#
#.#....#.#
#.#....#.#
#.#......#
#.########
#........#
##########
13
[2J[;H##########
#.....@..#
#.######.#
#.#....#.#
#.#....#.#
#.#....#.#
#.#......#
#.########
#........#
##########
14
[2J[;H##########
#....@...#
#.######.#
#.#....#.#
#.#....#.#
#.#....#.#
#.#......#
#.########
#........#
##########
15
[2J[;H##########
#...@....#
#.######.#
#.#....#.#
#.#....#.#
#.#....#.#
#.#......#
#.########
#........#
##########
16
[2J[;H##########
#..@.....#
#.######.#
#.#....#.#
#.#....#.#
#.#....#.#
#.#......#
#.########
#........#
##########
17
[2J[;H##########
#.@......#
#.######.#
#.#....#.#
#.#....#.#
#.#....#.#
#.#......#
#.########
#........#
##########
18
[2J[;H##########
#@.......#
#.######.#
#.#....#.#
#.#....#.#
#.#....#.#
#.#......#
#.########
#........#
##########
19
[2J[;H##########
#........#
#@######.#
#.#....#.#
#.#....#.#
#.#....#.#
#.#......#
#.########
#........#
##########
20
[2J[;H##########
#........#
#.######.#
#@#....#.#
#.#....#.#
#.#....#.#
#.#......#
#.########
#........#
##########
21
[2J[;H##########
#........#
#.######.#
#.#....#.#
#@#....#.#
#.#....#.#
#.#......#
#.########
#........#
##########
22
[2J[;H##########
#........#
#.######.#
#.#....#.#
#.#....#.#
#@#....#.#
#.#......#
#.########
#........#
##########
23
[2J[;H##########
#........#
#.######.#
#.#....#.#
#.#....#.#
#.#....#.#
#@#......#
#.########
#........#
##########
24
[2J[;H##########
#........#
#.######.#
#.#....#.#
#.#....#.#
#.#....#.#
#.#......#
#@########
#........#
##########
25
[2J[;H##########
#........#
#.######.#
#.#....#.#
#.#....#.#
#.#....#.#
#.#......#
#.########
#@.......#
##########
26
[2J[;H##########
#........#
#.######.#
#.#....#.#
#.#....#.#
#.#....#.#
#.#......#
#.########
#.@......#
##########
27
[2J[;H##########
#........#
#.######.#
#.#....#.#
#.#....#.#
#.#....#.#
#.#......#
#.########
#..@.....#
##########
28
[2J[;H##########
#........#
#.######.#
#.#....#.#
#.#....#.#
#.#....#.#
#.#......#
#.########
#...@....#
##########
29
[2J[;H##########
#........#
#.######.#
#.#....#.#
#.#....#.#
#.#....#.#
#.#......#
#.########
#....@...#
##########
30
[2J[;H##########
#........#
#.######.#
#.#....#.#
#.#....#.#
#.#....#.#
#.#......#
#.########
#.....@..#
##########
31
[2J[;H##########
#........#
#.######.#
#.#....#.#
#.#....#.#
#.#....#.#
#.#......#
#.########
#......@.#
##########
32
[2J[;H##########
#........#
#.######.#
#.#....#.#
#.#....#.#
#.#....#.#
#.#......#
#.########
#.......@#
##########
33
[2J[;H##########
#........#
#.######.#
#.#....#.#
#.#....#.#
#.#....#.#
#.#......#
#.########
#......@.#
##########
34
[2J[;H##########
#........#
#.######.#
#.#....#.#
#.#....#.#
#.#....#.#
#.#......#
#.########
#.....@..#
##########
35
[2J[;H##########
#........#
#.######.#
#.#....#.#
#.#....#.#
#.#....#.#
#.#......#
#.########
#....@...#
##########
36
[2J[;H##########
#........#
#.######.#
#.#....#.#
#.#....#.#
#.#....#.#
#.#......#
#.########
#...@....#
##########
37
[2J[;H##########
#........#
#.######.#
#.#....#.#
#.#....#.#
#.#....#.#
#.#......#
#.########
#..@.....#
##########
38
[2J[;H##########
#........#
#.######.#
#.#....#.#
#.#....#.#
#.#....#.#
#.#......#
#.########
#.@......#
##########
39
[2J[;H##########
#........#
#.######.#
#.#....#.#
#.#....#.#
#.#....#.#
#.#......#
#.########
#@.......#
##########
40
[2J[;H##########
#........#
#.######.#
#.#....#.#
#.#....#.#
#.#....#.#
#.#......#
#@########
#........#
##########
41
[2J[;H##########
#........#
#.######.#
#.#....#.#
#.#....#.#
#.#....#.#
#@#......#
#.########
#........#
##########
42
[2J[;H##########
#........#
#.######.#
#.#....#.#
#.#....#.#
#@#....#.#
#.#......#
#.########
#........#
##########
43
[2J[;H##########
#........#
#.######.#
#.#....#.#
#@#....#.#
#.#....#.#
#.#......#
#.########
#........#
##########
44
[2J[;H##########
#........#
#.######.#
#@#....#.#
#.#....#.#
#.#....#.#
#.#......#
#.########
#........#
##########
45
[2J[;H##########
#........#
#@######.#
#.#....#.#
#.#....#.#
#.#....#.#
#.#......#
#.########
#........#
##########
46
[2J[;H##########
#@.......#
#.######.#
#.#....#.#
#.#....#.#
#.#....#.#
#.#......#
#.########
#........#
##########
47
[2J[;H##########
#.@......#
#.######.#
#.#....#.#
#.#....#.#
#.#....#.#
#.#......#
#.########
#........#
##########
48
[2J[;H##########
#..@.....#
#.######.#
#.#....#.#
#.#....#.#
#.#....#.#
#.#......#
#.########
#........#
##########
49
[2J[;H##########
#...@....#
#.######.#
#.#....#.#
#.#....#.#
#.#....#.#
#.#......#
#.########
#........#
##########
50
[2J[;H##########
#....@...#
#.######.#
#.#....#.#
#.#....#.#
#.#....#.#
#.#......#
#.########
#........#
##########
51
[2J[;H##########
#.....@..#
#.######.#
#.#....#.#
#.#....#.#
#.#....#.#
#.#......#
#.########
#........#
##########
52
[2J[;H##########
#......@.#
#.######.#
#.#....#.#
#.#....#.#
#.#....#.#
#.#......#
#.########
#........#
##########
53
[2J[;H##########
#.......@#
#.######.#
#.#....#.#
#.#....#.#
#.#....#.#
#.#......#
#.########
#........#
##########
54
[2J[;H##########
#........#
#.######@#
#.#....#.#
#.#....#.#
#.#....#.#
#.#......#
#.########
#........#
##########
55
[2J[;H##########
#........#
#.######.#
#.#....#@#
#.#....#.#
#.#....#.#
#.#......#
#.########
#........#
##########
56
[2J[;H##########
#........#
#.######.#
#.#....#.#
#.#....#@#
#.#....#.#
#.#......#
#.########
#........#
##########
57
[2J[;H##########
#........#
#.######.#
#.#....#.#
#.#....#.#
#.#....#@#
#.#......#
#.########
#........#
##########
58
[2J[;H##########
#........#
#.######.#
#.#....#.#
#.#....#.#
#.#....#.#
#.#.....@#
#.########
#........#
##########
59
[2J[;H##########
#........#
#.######.#
#.#....#.#
#.#....#.#
#.#....#.#
#.#....@.#
#.########
#........#
##########
60
[2J[;H##########
#........#
#.######.#
#.#....#.#
#.#....#.#
#.#....#.#
#.#...@..#
#.########
#........#
##########
61
[2J[;H##########
#........#
#.######.#
#.#....#.#
#.#....#.#
#.#....#.#
#.#..@...#
#.########
#........#
##########
62
[2J[;H##########
#........#
#.######.#
#.#....#.#
#.#....#.#
#.#..@.#.#
#.#......#
#.########
#........#
##########
63
[2J[;H##########
#........#
#.######.#
#.#....#.#
#.#....#.#
#.#.@..#.#
#.#......#
#.########
#........#
##########
64
[2J[;H##########
#........#
#.######.#
#.#....#.#
#.#.@..#.#
#.#....#.#
#.#......#
#.########
#........#
##########
65
[2J[;H##########
#........#
#.######.#
#.#.@..#.#
#.#....#.#
#.#....#.#
#.#......#
#.########
#........#
##########
66
[2J[;H##########
#........#
#.######.#
#.#@...#.#
#.#....#.#
#.#....#.#
#.#......#
#.########
#........#
##########
67
[2J[;H##########
#........#
#.######.#
#.#....#.#
#.#@...#.#
#.#....#.#
#.#......#
#.########
#........#
##########
68
[2J[;H##########
#........#
#.######.#
#.#....#.#
#.#....#.#
#.#@...#.#
#.#......#
#.########
#........#
##########
69
[2J[;H##########
#........#
#.######.#
#.#....#.#
#.#....#.#
#.#....#.#
#.#@.....#
#.########
#........#
##########
70
[2J[;H##########
#........#
#.######.#
#.#....#.#
#.#....#.#
#.#....#.#
#.#.@....#
#.########
#........#
##########
71
[2J[;H##########
#........#
#.######.#
#.#....#.#
#.#....#.#
#.#....#.#
#.#@.....#
#.########
#........#
##########
72
[2J[;H##########
#........#
#.######.#
#.#....#.#
#.#....#.#
#.#@...#.#
#.#......#
#.########
#........#
##########
73
[2J[;H##########
#........#
#.######.#
#.#....#.#
#.#@...#.#
#.#....#.#
#.#......#
#.########
#........#
##########
74
[2J[;H##########
#........#
#.######.#
#.#@...#.#
#.#....#.#
#.#....#.#
#.#......#
#.########
#........#
##########
75
[2J[;H##########
#........#
#.######.#
#.#.@..#.#
#.#....#.#
#.#....#.#
#.#......#
#.########
#........#
##########
76
[2J[;H##########
#........#
#.######.#
#.#....#.#
#.#.@..#.#
#.#....#.#
#.#......#
#.########
#........#
##########
77
[2J[;H##########
#........#
#.######.#
#.#....#.#
#.#....#.#
#.#.@..#.#
#.#......#
#.########
#........#
##########
78
[2J[;H##########
#........#
#.######.#
#.#....#.#
#.#....#.#
#.#..@.#.#
#.#......#
#.########
#........#
##########
79
[2J[;H##########
#........#
#.######.#
#.#....#.#
#.#....#.#
#.#....#.#
#.#..@...#
#.########
#........#
##########
80
[2J[;H##########
#........#
#.######.#
#.#....#.#
#.#....#.#
#.#....#.#
#.#...@..#
#.########
#........#
##########
81
[2J[;H##########
#........#
#.######.#
#.#....#.#
#.#....#.#
#.#...@#.#
#.#......#
#.########
#........#
##########
82
[2J[;H##########
#........#
#.######.#
#.#....#.#
#.#...@#.#
#.#....#.#
#.#......#
#.########
#........#
##########
83
[2J[;H##########
#........#
#.######.#
#.#...@#.#
#.#....#.#
#.#....#.#
#.#......#
#.########
#........#
##########
84
[2J[;H##########
#........#
#.######.#
#.#..@.#.#
#.#....#.#
#.#....#.#
#.#......#
#.########
#........#
##########
85
[2J[;H##########
#........#
#.######.#
#.#....#.#
#.#..@.#.#
#.#....#.#
#.#......#
#.########
#........#
##########
86
