[2J[;H#######
###.###
###.###
...@..#
###.###
###.###
#######
0
[2J[;H#######
###.###
###@###
......#
###.###
###.###
#######
1
[2J[;H#######
###@###
###.###
......#
###.###
###.###
#######
2
[2J[;H#######
###.###
###@###
......#
###.###
###.###
#######
3
[2J[;H#######
###.###
###.###
...@..#
###.###
###.###
#######
4
[2J[;H#######
###.###
###.###
....@.#
###.###
###.###
#######
5
[2J[;H#######
###.###
###.###
.....@#
###.###
###.###
#######
6
[2J[;H#######
###.###
###.###
....@.#
###.###
###.###
#######
7
[2J[;H#######
###.###
###.###
...@..#
###.###
###.###
#######
8
[2J[;H#######
###.###
###.###
......#
###@###
###.###
#######
9
[2J[;H#######
###.###
###.###
......#
###.###
###@###
#######
10
[2J[;H#######
###.###
###.###
......#
###@###
###.###
#######
11
[2J[;H#######
###.###
###.###
...@..#
###.###
###.###
#######
12
[2J[;H#######
###.###
###.###
..@...#
###.###
###.###
#######
13
[2J[;H#######
###.###
###.###
.@....#
###.###
###.###
#######
14
[2J[;H#######
###.###
###.###
@.....#
###.###
###.###
#######
15
